Grow heap to 64 KiB after 0 bytes allocated
Number of processors = 8
Started 7 mark helper threads
Initiating full world-stop collection!

--> Marking for collection #1 after 0 allocated bytes
GC #1 freed 0 bytes, heap 64 KiB
World-stopped marking took 0 msecs (0 in average)
In-use heap: 0% (0 KiB pointers + 0 KiB other)
0 finalization entries; 0/0 short/long disappearing links alive
0 finalization-ready objects; 0/0 short/long links cleared
Finalize plus initiate sweep took 0 + 0 msecs
Complete collection took 0 msecs
Adding block map for size of 4 granules (64 bytes)

--> Marking for collection #2 after 61440 allocated bytes
Marked from 0 dirty pages
GC #2 freed 0 bytes, heap 64 KiB
World-stopped marking took 0 msecs (0 in average)
GC start time: 0
In-use heap: 93% (60 KiB pointers + 0 KiB other)
GC finish time: 0
0 finalization entries; 0/0 short/long disappearing links alive
0 finalization-ready objects; 0/0 short/long links cleared
Finalize plus initiate sweep took 0 + 0 msecs
Grow heap to 128 KiB after 4096 bytes allocated
Adding block map for size of 5 granules (80 bytes)
Adding block map for size of 0 granules (0 bytes)
Grow heap to 192 KiB after 65520 bytes allocated

--> Marking for collection #3 after 81984 allocated bytes
Marked from 0 dirty pages
GC #3 freed 0 bytes, heap 192 KiB
World-stopped marking took 0 msecs (0 in average)
GC start time: 0
In-use heap: 72% (140 KiB pointers + 0 KiB other)
GC finish time: 0
0 finalization entries; 0/0 short/long disappearing links alive
0 finalization-ready objects; 0/0 short/long links cleared
Finalize plus initiate sweep took 0 + 0 msecs
Grow heap to 260 KiB after 49056 bytes allocated
***>Full mark for collection #4 after 110576 allocd bytes

--> Marking for collection #4 after 110576 allocated bytes
GC #4 freed 4096 bytes, heap 260 KiB
World-stopped marking took 0 msecs (0 in average)
GC start time: 0
In-use heap: 95% (248 KiB pointers + 0 KiB other)
GC finish time: 0
0 finalization entries; 0/0 short/long disappearing links alive
0 finalization-ready objects; 0/0 short/long links cleared
Finalize plus initiate sweep took 0 + 0 msecs
Grow heap to 348 KiB after 4000 bytes allocated
Grow heap to 468 KiB after 90000 bytes allocated

--> Marking for collection #5 after 147424 allocated bytes
Marked from 1 dirty pages
GC #5 freed 8192 bytes, heap 468 KiB
World-stopped marking took 0 msecs (0 in average)
GC start time: 0
In-use heap: 83% (390 KiB pointers + 0 KiB other)
GC finish time: 0
0 finalization entries; 0/0 short/long disappearing links alive
0 finalization-ready objects; 0/0 short/long links cleared
Finalize plus initiate sweep took 0 + 0 msecs
Grow heap to 628 KiB after 65440 bytes allocated

--> Marking for collection #6 after 192496 allocated bytes
Marked from 2 dirty pages
GC #6 freed 12288 bytes, heap 628 KiB
World-stopped marking took 0 msecs (0 in average)
GC start time: 0
In-use heap: 91% (577 KiB pointers + 0 KiB other)
GC finish time: 1
0 finalization entries; 0/0 short/long disappearing links alive
0 finalization-ready objects; 0/0 short/long links cleared
Finalize plus initiate sweep took 0 + 0 msecs
Grow heap to 840 KiB after 32672 bytes allocated
Grow heap to 1124 KiB after 245648 bytes allocated
***>Full mark for collection #7 after 258016 allocd bytes

--> Marking for collection #7 after 258016 allocated bytes
GC #7 freed 16384 bytes, heap 1124 KiB
World-stopped marking took 0 msecs (0 in average)
GC start time: 1
In-use heap: 73% (830 KiB pointers + 0 KiB other)
GC finish time: 1
0 finalization entries; 0/0 short/long disappearing links alive
0 finalization-ready objects; 0/0 short/long links cleared
Finalize plus initiate sweep took 0 + 0 msecs
Grow heap to 1500 KiB after 286624 bytes allocated

--> Marking for collection #8 after 344048 allocated bytes
Marked from 2 dirty pages
GC #8 freed 20480 bytes, heap 1500 KiB
World-stopped marking took 0 msecs (0 in average)
GC start time: 1
In-use heap: 77% (1163 KiB pointers + 0 KiB other)
GC finish time: 2
0 finalization entries; 0/0 short/long disappearing links alive
0 finalization-ready objects; 0/0 short/long links cleared
Finalize plus initiate sweep took 0 + 0 msecs
Grow heap to 2004 KiB after 327584 bytes allocated

--> Marking for collection #9 after 458736 allocated bytes
Marked from 5 dirty pages
GC #9 freed 12288 bytes, heap 2004 KiB
World-stopped marking took 2 msecs (0 in average)
GC start time: 3
In-use heap: 80% (1609 KiB pointers + 0 KiB other)
GC finish time: 3
0 finalization entries; 0/0 short/long disappearing links alive
0 finalization-ready objects; 0/0 short/long links cleared
Finalize plus initiate sweep took 0 + 0 msecs
Grow heap to 2676 KiB after 380832 bytes allocated
***>Full mark for collection #10 after 610288 allocd bytes

--> Marking for collection #10 after 610288 allocated bytes
GC #10 freed 16384 bytes, heap 2676 KiB
World-stopped marking took 4 msecs (0 in average)
GC start time: 6
In-use heap: 82% (2209 KiB pointers + 0 KiB other)
GC finish time: 6
0 finalization entries; 0/0 short/long disappearing links alive
0 finalization-ready objects; 0/0 short/long links cleared
Finalize plus initiate sweep took 0 + 0 msecs
Grow heap to 3572 KiB after 470944 bytes allocated

--> Marking for collection #11 after 815088 allocated bytes
Marked from 4 dirty pages
GC #11 freed 16384 bytes, heap 3572 KiB
World-stopped marking took 2 msecs (0 in average)
GC start time: 9
In-use heap: 84% (3004 KiB pointers + 0 KiB other)
GC finish time: 9
0 finalization entries; 0/0 short/long disappearing links alive
0 finalization-ready objects; 0/0 short/long links cleared
Finalize plus initiate sweep took 0 + 0 msecs
Grow heap to 4764 KiB after 573344 bytes allocated

--> Marking for collection #12 after 1085424 allocated bytes
Marked from 5 dirty pages
GC #12 freed 4096 bytes, heap 4764 KiB
World-stopped marking took 1 msecs (0 in average)
GC start time: 13
In-use heap: 85% (4061 KiB pointers + 0 KiB other)
GC finish time: 13
0 finalization entries; 0/0 short/long disappearing links alive
0 finalization-ready objects; 0/0 short/long links cleared
Finalize plus initiate sweep took 0 + 0 msecs
Grow heap to 6356 KiB after 704416 bytes allocated
***>Full mark for collection #13 after 1445872 allocd bytes

--> Marking for collection #13 after 1445872 allocated bytes
GC #13 freed 4096 bytes, heap 6356 KiB
World-stopped marking took 2 msecs (0 in average)
GC start time: 15
In-use heap: 86% (5477 KiB pointers + 0 KiB other)
GC finish time: 15
0 finalization entries; 0/0 short/long disappearing links alive
0 finalization-ready objects; 0/0 short/long links cleared
Finalize plus initiate sweep took 0 + 0 msecs
Grow heap to 8476 KiB after 892832 bytes allocated

--> Marking for collection #14 after 1929200 allocated bytes
Marked from 3 dirty pages
GC #14 freed 20480 bytes, heap 8476 KiB
World-stopped marking took 1 msecs (0 in average)
GC start time: 17
In-use heap: 86% (7360 KiB pointers + 0 KiB other)
GC finish time: 17
0 finalization entries; 0/0 short/long disappearing links alive
0 finalization-ready objects; 0/0 short/long links cleared
Finalize plus initiate sweep took 0 + 0 msecs
Grow heap to 11304 KiB after 1126304 bytes allocated

--> Marking for collection #15 after 2572272 allocated bytes
Marked from 5 dirty pages
GC #15 freed 8192 bytes, heap 11304 KiB
World-stopped marking took 1 msecs (0 in average)
GC start time: 18
In-use heap: 87% (9870 KiB pointers + 0 KiB other)
GC finish time: 19
0 finalization entries; 0/0 short/long disappearing links alive
0 finalization-ready objects; 0/0 short/long links cleared
Finalize plus initiate sweep took 0 + 0 msecs
Grow heap to 15076 KiB after 1437600 bytes allocated
***>Full mark for collection #16 after 3428336 allocd bytes

--> Marking for collection #16 after 3428336 allocated bytes
GC #16 freed 20480 bytes, heap 15076 KiB
World-stopped marking took 7 msecs (1 in average)
GC start time: 22
In-use heap: 87% (13218 KiB pointers + 0 KiB other)
GC finish time: 22
0 finalization entries; 0/0 short/long disappearing links alive
0 finalization-ready objects; 0/0 short/long links cleared
Finalize plus initiate sweep took 0 + 0 msecs
Grow heap to 20104 KiB after 1884064 bytes allocated

--> Marking for collection #17 after 4571120 allocated bytes
Marked from 4 dirty pages
GC #17 freed 32768 bytes, heap 20104 KiB
World-stopped marking took 3 msecs (1 in average)
GC start time: 25
In-use heap: 87% (17677 KiB pointers + 0 KiB other)
GC finish time: 25
0 finalization entries; 0/0 short/long disappearing links alive
0 finalization-ready objects; 0/0 short/long links cleared
Finalize plus initiate sweep took 0 + 0 msecs
Grow heap to 26808 KiB after 2449312 bytes allocated

--> Marking for collection #18 after 6094832 allocated bytes
Marked from 9 dirty pages
GC #18 freed 16384 bytes, heap 26808 KiB
World-stopped marking took 4 msecs (1 in average)
GC start time: 28
In-use heap: 88% (23622 KiB pointers + 0 KiB other)
GC finish time: 29
0 finalization entries; 0/0 short/long disappearing links alive
0 finalization-ready objects; 0/0 short/long links cleared
Finalize plus initiate sweep took 0 + 0 msecs
Grow heap to 35000 KiB after 3211168 bytes allocated
***>Full mark for collection #19 after 8122352 allocd bytes

--> Marking for collection #19 after 8122352 allocated bytes
GC #19 freed 28672 bytes, heap 35000 KiB
World-stopped marking took 20 msecs (2 in average)
GC start time: 36
In-use heap: 90% (31563 KiB pointers + 0 KiB other)
GC finish time: 36
0 finalization entries; 0/0 short/long disappearing links alive
0 finalization-ready objects; 0/0 short/long links cleared
Finalize plus initiate sweep took 0 + 0 msecs
Grow heap to 43192 KiB after 3493792 bytes allocated
Grow heap to 51384 KiB after 9633776 bytes allocated

--> Marking for collection #20 after 13633792 allocated bytes
Marked from 11 dirty pages
GC #20 freed 36864 bytes, heap 51384 KiB
World-stopped marking took 6 msecs (2 in average)
GC start time: 43
In-use heap: 84% (39748 KiB pointers + 3906 KiB other)
GC finish time: 43
0 finalization entries; 0/0 short/long disappearing links alive
0 finalization-ready objects; 0/0 short/long links cleared
Finalize plus initiate sweep took 0 + 0 msecs
Grow heap to 59576 KiB after 7867232 bytes allocated

--> Marking for collection #21 after 13794224 allocated bytes
Marked from 19 dirty pages
GC #21 freed 1264576 bytes, heap 59576 KiB
World-stopped marking took 1 msecs (2 in average)
GC start time: 50
In-use heap: 73% (39752 KiB pointers + 3906 KiB other)
GC finish time: 51
0 finalization entries; 0/0 short/long disappearing links alive
0 finalization-ready objects; 0/0 short/long links cleared
Finalize plus initiate sweep took 0 + 0 msecs

--> Marking for collection #22 after 13797888 allocated bytes
Marked from 23 dirty pages
GC #22 freed 13814368 bytes, heap 59576 KiB
World-stopped marking took 1 msecs (2 in average)
GC start time: 58
In-use heap: 73% (39754 KiB pointers + 3906 KiB other)
GC finish time: 59
0 finalization entries; 0/0 short/long disappearing links alive
0 finalization-ready objects; 0/0 short/long links cleared
Finalize plus initiate sweep took 0 + 0 msecs

--> Marking for collection #23 after 13796224 allocated bytes
Marked from 24 dirty pages
GC #23 freed 13824896 bytes, heap 59576 KiB
World-stopped marking took 1 msecs (2 in average)
GC start time: 66
In-use heap: 73% (39754 KiB pointers + 3906 KiB other)
GC finish time: 66
0 finalization entries; 0/0 short/long disappearing links alive
0 finalization-ready objects; 0/0 short/long links cleared
Finalize plus initiate sweep took 0 + 0 msecs

--> Marking for collection #24 after 13795648 allocated bytes
Marked from 25 dirty pages
GC #24 freed 13816128 bytes, heap 59576 KiB
World-stopped marking took 2 msecs (2 in average)
GC start time: 75
In-use heap: 73% (39755 KiB pointers + 3906 KiB other)
GC finish time: 75
0 finalization entries; 0/0 short/long disappearing links alive
0 finalization-ready objects; 0/0 short/long links cleared
Finalize plus initiate sweep took 0 + 0 msecs

--> Marking for collection #25 after 13798656 allocated bytes
Marked from 26 dirty pages
GC #25 freed 13815040 bytes, heap 59576 KiB
World-stopped marking took 1 msecs (2 in average)
GC start time: 82
In-use heap: 73% (39758 KiB pointers + 3906 KiB other)
GC finish time: 82
0 finalization entries; 0/0 short/long disappearing links alive
0 finalization-ready objects; 0/0 short/long links cleared
Finalize plus initiate sweep took 0 + 0 msecs

--> Marking for collection #26 after 13799552 allocated bytes
Marked from 26 dirty pages
GC #26 freed 13815936 bytes, heap 59576 KiB
World-stopped marking took 1 msecs (2 in average)
GC start time: 90
In-use heap: 73% (39765 KiB pointers + 3906 KiB other)
GC finish time: 91
0 finalization entries; 0/0 short/long disappearing links alive
0 finalization-ready objects; 0/0 short/long links cleared
Finalize plus initiate sweep took 0 + 0 msecs

--> Marking for collection #27 after 13800000 allocated bytes
Marked from 27 dirty pages
GC #27 freed 13812288 bytes, heap 59576 KiB
World-stopped marking took 1 msecs (2 in average)
GC start time: 99
In-use heap: 73% (39766 KiB pointers + 3906 KiB other)
GC finish time: 99
0 finalization entries; 0/0 short/long disappearing links alive
0 finalization-ready objects; 0/0 short/long links cleared
Finalize plus initiate sweep took 0 + 0 msecs

--> Marking for collection #28 after 13803008 allocated bytes
Marked from 30 dirty pages
GC #28 freed 13819392 bytes, heap 59576 KiB
World-stopped marking took 1 msecs (2 in average)
GC start time: 107
In-use heap: 73% (39769 KiB pointers + 3906 KiB other)
GC finish time: 107
0 finalization entries; 0/0 short/long disappearing links alive
0 finalization-ready objects; 0/0 short/long links cleared
Finalize plus initiate sweep took 0 + 0 msecs

--> Marking for collection #29 after 13800832 allocated bytes
Marked from 32 dirty pages
GC #29 freed 13829504 bytes, heap 59576 KiB
World-stopped marking took 0 msecs (2 in average)
GC start time: 114
In-use heap: 73% (39769 KiB pointers + 3906 KiB other)
GC finish time: 114
0 finalization entries; 0/0 short/long disappearing links alive
0 finalization-ready objects; 0/0 short/long links cleared
Finalize plus initiate sweep took 0 + 0 msecs

--> Marking for collection #30 after 13800192 allocated bytes
Marked from 34 dirty pages
GC #30 freed 13820672 bytes, heap 59576 KiB
World-stopped marking took 0 msecs (2 in average)
GC start time: 121
In-use heap: 73% (39771 KiB pointers + 3906 KiB other)
GC finish time: 121
0 finalization entries; 0/0 short/long disappearing links alive
0 finalization-ready objects; 0/0 short/long links cleared
Finalize plus initiate sweep took 0 + 0 msecs

--> Marking for collection #31 after 13802944 allocated bytes
Marked from 38 dirty pages
GC #31 freed 13819328 bytes, heap 59576 KiB
World-stopped marking took 0 msecs (2 in average)
GC start time: 128
In-use heap: 73% (39788 KiB pointers + 3906 KiB other)
GC finish time: 128
0 finalization entries; 0/0 short/long disappearing links alive
0 finalization-ready objects; 0/0 short/long links cleared
Finalize plus initiate sweep took 0 + 0 msecs

--> Marking for collection #32 after 13809280 allocated bytes
Marked from 36 dirty pages
GC #32 freed 13805184 bytes, heap 59576 KiB
World-stopped marking took 1 msecs (1 in average)
GC start time: 136
In-use heap: 73% (39804 KiB pointers + 3906 KiB other)
GC finish time: 136
0 finalization entries; 0/0 short/long disappearing links alive
0 finalization-ready objects; 0/0 short/long links cleared
Finalize plus initiate sweep took 0 + 0 msecs

--> Marking for collection #33 after 13813312 allocated bytes
Marked from 36 dirty pages
GC #33 freed 13813312 bytes, heap 59576 KiB
World-stopped marking took 1 msecs (1 in average)
GC start time: 143
In-use heap: 73% (39816 KiB pointers + 3906 KiB other)
GC finish time: 144
0 finalization entries; 0/0 short/long disappearing links alive
0 finalization-ready objects; 0/0 short/long links cleared
Finalize plus initiate sweep took 0 + 0 msecs

--> Marking for collection #34 after 13817472 allocated bytes
Marked from 36 dirty pages
GC #34 freed 13821568 bytes, heap 59576 KiB
World-stopped marking took 1 msecs (1 in average)
GC start time: 151
In-use heap: 73% (39848 KiB pointers + 3906 KiB other)
GC finish time: 152
0 finalization entries; 0/0 short/long disappearing links alive
0 finalization-ready objects; 0/0 short/long links cleared
Finalize plus initiate sweep took 0 + 0 msecs

--> Marking for collection #35 after 13829760 allocated bytes
Marked from 30 dirty pages
GC #35 freed 13805184 bytes, heap 59576 KiB
World-stopped marking took 1 msecs (1 in average)
GC start time: 159
In-use heap: 73% (39867 KiB pointers + 3906 KiB other)
GC finish time: 159
0 finalization entries; 0/0 short/long disappearing links alive
0 finalization-ready objects; 0/0 short/long links cleared
Finalize plus initiate sweep took 0 + 0 msecs

--> Marking for collection #36 after 13833664 allocated bytes
Marked from 30 dirty pages
GC #36 freed 13837760 bytes, heap 59576 KiB
World-stopped marking took 1 msecs (1 in average)
GC start time: 167
In-use heap: 73% (39942 KiB pointers + 3906 KiB other)
GC finish time: 167
0 finalization entries; 0/0 short/long disappearing links alive
0 finalization-ready objects; 0/0 short/long links cleared
Finalize plus initiate sweep took 0 + 0 msecs

--> Marking for collection #37 after 13862336 allocated bytes
Marked from 29 dirty pages
GC #37 freed 13784512 bytes, heap 59576 KiB
World-stopped marking took 1 msecs (1 in average)
GC start time: 174
In-use heap: 73% (40045 KiB pointers + 3906 KiB other)
GC finish time: 175
0 finalization entries; 0/0 short/long disappearing links alive
0 finalization-ready objects; 0/0 short/long links cleared
Finalize plus initiate sweep took 0 + 0 msecs

--> Marking for collection #38 after 13895104 allocated bytes
Marked from 22 dirty pages
GC #38 freed 13784512 bytes, heap 59576 KiB
World-stopped marking took 1 msecs (1 in average)
GC start time: 182
In-use heap: 74% (40180 KiB pointers + 3906 KiB other)
GC finish time: 183
0 finalization entries; 0/0 short/long disappearing links alive
0 finalization-ready objects; 0/0 short/long links cleared
Finalize plus initiate sweep took 0 + 0 msecs
***>Full mark for collection #39 after 13944256 allocd bytes

--> Marking for collection #39 after 13944256 allocated bytes
GC #39 freed 13780416 bytes, heap 59576 KiB
World-stopped marking took 7 msecs (1 in average)
GC start time: 192
In-use heap: 20% (8231 KiB pointers + 3906 KiB other)
GC finish time: 192
0 finalization entries; 0/0 short/long disappearing links alive
0 finalization-ready objects; 0/0 short/long links cleared
Finalize plus initiate sweep took 0 + 0 msecs

--> Marking for collection #40 after 3037504 allocated bytes
Marked from 15 dirty pages
GC #40 freed 46708992 bytes, heap 59576 KiB
World-stopped marking took 0 msecs (1 in average)
GC start time: 194
In-use heap: 20% (8267 KiB pointers + 3906 KiB other)
GC finish time: 194
0 finalization entries; 0/0 short/long disappearing links alive
0 finalization-ready objects; 0/0 short/long links cleared
Finalize plus initiate sweep took 0 + 0 msecs

--> Marking for collection #41 after 3049472 allocated bytes
Marked from 9 dirty pages
GC #41 freed 3008512 bytes, heap 59576 KiB
World-stopped marking took 0 msecs (1 in average)
GC start time: 196
In-use heap: 20% (8302 KiB pointers + 3906 KiB other)
GC finish time: 196
0 finalization entries; 0/0 short/long disappearing links alive
0 finalization-ready objects; 0/0 short/long links cleared
Finalize plus initiate sweep took 0 + 0 msecs

--> Marking for collection #42 after 3062464 allocated bytes
Marked from 10 dirty pages
GC #42 freed 3017408 bytes, heap 59576 KiB
World-stopped marking took 1 msecs (1 in average)
GC start time: 198
In-use heap: 21% (8733 KiB pointers + 3906 KiB other)
GC finish time: 198
0 finalization entries; 0/0 short/long disappearing links alive
0 finalization-ready objects; 0/0 short/long links cleared
Finalize plus initiate sweep took 0 + 0 msecs

--> Marking for collection #43 after 3207104 allocated bytes
Marked from 6 dirty pages
GC #43 freed 2625024 bytes, heap 59576 KiB
World-stopped marking took 0 msecs (1 in average)
GC start time: 200
In-use heap: 21% (9048 KiB pointers + 3906 KiB other)
GC finish time: 200
0 finalization entries; 0/0 short/long disappearing links alive
0 finalization-ready objects; 0/0 short/long links cleared
Finalize plus initiate sweep took 0 + 0 msecs

--> Marking for collection #44 after 3317184 allocated bytes
Marked from 7 dirty pages
GC #44 freed 2887296 bytes, heap 59576 KiB
World-stopped marking took 0 msecs (1 in average)
GC start time: 202
In-use heap: 22% (9344 KiB pointers + 3906 KiB other)
GC finish time: 202
0 finalization entries; 0/0 short/long disappearing links alive
0 finalization-ready objects; 0/0 short/long links cleared
Finalize plus initiate sweep took 0 + 0 msecs

--> Marking for collection #45 after 3415680 allocated bytes
Marked from 6 dirty pages
GC #45 freed 3018368 bytes, heap 59576 KiB
World-stopped marking took 0 msecs (1 in average)
GC start time: 203
In-use heap: 22% (9608 KiB pointers + 3906 KiB other)
GC finish time: 204
0 finalization entries; 0/0 short/long disappearing links alive
0 finalization-ready objects; 0/0 short/long links cleared
Finalize plus initiate sweep took 0 + 0 msecs

--> Marking for collection #46 after 3505856 allocated bytes
Marked from 6 dirty pages
GC #46 freed 3149376 bytes, heap 59576 KiB
World-stopped marking took 0 msecs (1 in average)
GC start time: 205
In-use heap: 23% (9959 KiB pointers + 3906 KiB other)
GC finish time: 205
0 finalization entries; 0/0 short/long disappearing links alive
0 finalization-ready objects; 0/0 short/long links cleared
Finalize plus initiate sweep took 0 + 0 msecs

--> Marking for collection #47 after 3628160 allocated bytes
Marked from 7 dirty pages
GC #47 freed 3149376 bytes, heap 59576 KiB
World-stopped marking took 0 msecs (1 in average)
GC start time: 207
In-use heap: 24% (10459 KiB pointers + 3906 KiB other)
GC finish time: 207
0 finalization entries; 0/0 short/long disappearing links alive
0 finalization-ready objects; 0/0 short/long links cleared
Finalize plus initiate sweep took 0 + 0 msecs

--> Marking for collection #48 after 3796160 allocated bytes
Marked from 7 dirty pages
GC #48 freed 3116224 bytes, heap 59576 KiB
World-stopped marking took 0 msecs (1 in average)
GC start time: 209
In-use heap: 24% (10582 KiB pointers + 3906 KiB other)
GC finish time: 209
0 finalization entries; 0/0 short/long disappearing links alive
0 finalization-ready objects; 0/0 short/long links cleared
Finalize plus initiate sweep took 0 + 0 msecs

--> Marking for collection #49 after 3837504 allocated bytes
Marked from 8 dirty pages
GC #49 freed 3673664 bytes, heap 59576 KiB
World-stopped marking took 0 msecs (1 in average)
GC start time: 212
In-use heap: 25% (11001 KiB pointers + 3906 KiB other)
GC finish time: 212
0 finalization entries; 0/0 short/long disappearing links alive
0 finalization-ready objects; 0/0 short/long links cleared
Finalize plus initiate sweep took 0 + 0 msecs

--> Marking for collection #50 after 3980928 allocated bytes
Marked from 7 dirty pages
GC #50 freed 3411584 bytes, heap 59576 KiB
World-stopped marking took 0 msecs (1 in average)
GC start time: 214
In-use heap: 25% (11305 KiB pointers + 3906 KiB other)
GC finish time: 214
0 finalization entries; 0/0 short/long disappearing links alive
0 finalization-ready objects; 0/0 short/long links cleared
Finalize plus initiate sweep took 0 + 0 msecs

--> Marking for collection #51 after 4087360 allocated bytes
Marked from 8 dirty pages
GC #51 freed 3673664 bytes, heap 59576 KiB
World-stopped marking took 0 msecs (1 in average)
GC start time: 216
In-use heap: 26% (11777 KiB pointers + 3906 KiB other)
GC finish time: 216
0 finalization entries; 0/0 short/long disappearing links alive
0 finalization-ready objects; 0/0 short/long links cleared
Finalize plus initiate sweep took 0 + 0 msecs

--> Marking for collection #52 after 4246912 allocated bytes
Marked from 9 dirty pages
GC #52 freed 3607744 bytes, heap 59576 KiB
World-stopped marking took 0 msecs (1 in average)
GC start time: 218
In-use heap: 26% (11832 KiB pointers + 3906 KiB other)
GC finish time: 218
0 finalization entries; 0/0 short/long disappearing links alive
0 finalization-ready objects; 0/0 short/long links cleared
Finalize plus initiate sweep took 0 + 0 msecs

--> Marking for collection #53 after 4267264 allocated bytes
Marked from 7 dirty pages
GC #53 freed 4201920 bytes, heap 59576 KiB
World-stopped marking took 0 msecs (1 in average)
GC start time: 221
In-use heap: 27% (12412 KiB pointers + 3906 KiB other)
GC finish time: 221
0 finalization entries; 0/0 short/long disappearing links alive
0 finalization-ready objects; 0/0 short/long links cleared
Finalize plus initiate sweep took 0 + 0 msecs

--> Marking for collection #54 after 4464064 allocated bytes
Marked from 8 dirty pages
GC #54 freed 3677632 bytes, heap 59576 KiB
World-stopped marking took 0 msecs (1 in average)
GC start time: 223
In-use heap: 28% (12930 KiB pointers + 3906 KiB other)
GC finish time: 223
0 finalization entries; 0/0 short/long disappearing links alive
0 finalization-ready objects; 0/0 short/long links cleared
Finalize plus initiate sweep took 0 + 0 msecs
***>Full mark for collection #55 after 4640704 allocd bytes

--> Marking for collection #55 after 4640704 allocated bytes
GC #55 freed 3939648 bytes, heap 59576 KiB
World-stopped marking took 8 msecs (1 in average)
GC start time: 227
In-use heap: 20% (8332 KiB pointers + 3906 KiB other)
GC finish time: 227
0 finalization entries; 0/0 short/long disappearing links alive
0 finalization-ready objects; 0/0 short/long links cleared
Finalize plus initiate sweep took 0 + 0 msecs

--> Marking for collection #56 after 3070528 allocated bytes
Marked from 10 dirty pages
GC #56 freed 9366656 bytes, heap 59576 KiB
World-stopped marking took 0 msecs (1 in average)
GC start time: 229
In-use heap: 21% (8769 KiB pointers + 3906 KiB other)
GC finish time: 229
0 finalization entries; 0/0 short/long disappearing links alive
0 finalization-ready objects; 0/0 short/long links cleared
Finalize plus initiate sweep took 0 + 0 msecs

--> Marking for collection #57 after 3219072 allocated bytes
Marked from 8 dirty pages
GC #57 freed 2621056 bytes, heap 59576 KiB
World-stopped marking took 0 msecs (1 in average)
GC start time: 230
In-use heap: 21% (9097 KiB pointers + 3906 KiB other)
GC finish time: 231
0 finalization entries; 0/0 short/long disappearing links alive
0 finalization-ready objects; 0/0 short/long links cleared
Finalize plus initiate sweep took 0 + 0 msecs

--> Marking for collection #58 after 3333760 allocated bytes
Marked from 7 dirty pages
GC #58 freed 2883264 bytes, heap 59576 KiB
World-stopped marking took 0 msecs (1 in average)
GC start time: 232
In-use heap: 22% (9339 KiB pointers + 3906 KiB other)
GC finish time: 232
0 finalization entries; 0/0 short/long disappearing links alive
0 finalization-ready objects; 0/0 short/long links cleared
Finalize plus initiate sweep took 0 + 0 msecs

--> Marking for collection #59 after 3415296 allocated bytes
Marked from 7 dirty pages
GC #59 freed 3079424 bytes, heap 59576 KiB
World-stopped marking took 0 msecs (1 in average)
GC start time: 234
In-use heap: 22% (9601 KiB pointers + 3906 KiB other)
GC finish time: 234
0 finalization entries; 0/0 short/long disappearing links alive
0 finalization-ready objects; 0/0 short/long links cleared
Finalize plus initiate sweep took 0 + 0 msecs

--> Marking for collection #60 after 3505792 allocated bytes
Marked from 9 dirty pages
GC #60 freed 3145344 bytes, heap 59576 KiB
World-stopped marking took 0 msecs (1 in average)
GC start time: 236
In-use heap: 23% (9952 KiB pointers + 3906 KiB other)
GC finish time: 236
0 finalization entries; 0/0 short/long disappearing links alive
0 finalization-ready objects; 0/0 short/long links cleared
Finalize plus initiate sweep took 0 + 0 msecs

--> Marking for collection #61 after 3624832 allocated bytes
Marked from 11 dirty pages
GC #61 freed 3145600 bytes, heap 59576 KiB
World-stopped marking took 0 msecs (1 in average)
GC start time: 238
In-use heap: 25% (11437 KiB pointers + 3906 KiB other)
GC finish time: 238
0 finalization entries; 0/0 short/long disappearing links alive
0 finalization-ready objects; 0/0 short/long links cleared
Finalize plus initiate sweep took 0 + 0 msecs

--> Marking for collection #62 after 4132800 allocated bytes
Marked from 16 dirty pages
GC #62 freed 2097088 bytes, heap 59576 KiB
World-stopped marking took 1 msecs (1 in average)
GC start time: 241
In-use heap: 29% (13420 KiB pointers + 3906 KiB other)
GC finish time: 241
0 finalization entries; 0/0 short/long disappearing links alive
0 finalization-ready objects; 0/0 short/long links cleared
Finalize plus initiate sweep took 0 + 0 msecs
***>Full mark for collection #63 after 4808640 allocd bytes

--> Marking for collection #63 after 4808640 allocated bytes
GC #63 freed 2097088 bytes, heap 59576 KiB
World-stopped marking took 7 msecs (1 in average)
GC start time: 244
In-use heap: 20% (8215 KiB pointers + 3906 KiB other)
GC finish time: 245
0 finalization entries; 0/0 short/long disappearing links alive
0 finalization-ready objects; 0/0 short/long links cleared
Finalize plus initiate sweep took 0 + 0 msecs

--> Marking for collection #64 after 3031232 allocated bytes
Marked from 11 dirty pages
GC #64 freed 10158208 bytes, heap 59576 KiB
World-stopped marking took 0 msecs (1 in average)
GC start time: 246
In-use heap: 22% (9257 KiB pointers + 3906 KiB other)
GC finish time: 246
0 finalization entries; 0/0 short/long disappearing links alive
0 finalization-ready objects; 0/0 short/long links cleared
Finalize plus initiate sweep took 0 + 0 msecs

--> Marking for collection #65 after 3387264 allocated bytes
Marked from 10 dirty pages
GC #65 freed 1966016 bytes, heap 59576 KiB
World-stopped marking took 0 msecs (1 in average)
GC start time: 248
In-use heap: 22% (9487 KiB pointers + 3906 KiB other)
GC finish time: 248
0 finalization entries; 0/0 short/long disappearing links alive
0 finalization-ready objects; 0/0 short/long links cleared
Finalize plus initiate sweep took 0 + 0 msecs

--> Marking for collection #66 after 3465088 allocated bytes
Marked from 12 dirty pages
GC #66 freed 3145600 bytes, heap 59576 KiB
World-stopped marking took 0 msecs (1 in average)
GC start time: 250
In-use heap: 24% (10821 KiB pointers + 3906 KiB other)
GC finish time: 250
0 finalization entries; 0/0 short/long disappearing links alive
0 finalization-ready objects; 0/0 short/long links cleared
Finalize plus initiate sweep took 0 + 0 msecs

--> Marking for collection #67 after 3919808 allocated bytes
Marked from 11 dirty pages
GC #67 freed 2097088 bytes, heap 59576 KiB
World-stopped marking took 1 msecs (1 in average)
GC start time: 252
In-use heap: 27% (12593 KiB pointers + 3906 KiB other)
GC finish time: 252
0 finalization entries; 0/0 short/long disappearing links alive
0 finalization-ready objects; 0/0 short/long links cleared
Finalize plus initiate sweep took 0 + 0 msecs

--> Marking for collection #68 after 4526016 allocated bytes
Marked from 16 dirty pages
GC #68 freed 2097088 bytes, heap 59576 KiB
World-stopped marking took 1 msecs (1 in average)
GC start time: 255
In-use heap: 31% (14960 KiB pointers + 3906 KiB other)
GC finish time: 255
0 finalization entries; 0/0 short/long disappearing links alive
0 finalization-ready objects; 0/0 short/long links cleared
Finalize plus initiate sweep took 0 + 0 msecs
***>Full mark for collection #69 after 5332928 allocd bytes

--> Marking for collection #69 after 5332928 allocated bytes
GC #69 freed 2101184 bytes, heap 59576 KiB
World-stopped marking took 6 msecs (1 in average)
GC start time: 259
In-use heap: 20% (8295 KiB pointers + 3906 KiB other)
GC finish time: 259
0 finalization entries; 0/0 short/long disappearing links alive
0 finalization-ready objects; 0/0 short/long links cleared
Finalize plus initiate sweep took 0 + 0 msecs

--> Marking for collection #70 after 3059264 allocated bytes
Marked from 12 dirty pages
GC #70 freed 12193280 bytes, heap 59576 KiB
World-stopped marking took 0 msecs (1 in average)
GC start time: 261
In-use heap: 22% (9237 KiB pointers + 3906 KiB other)
GC finish time: 261
0 finalization entries; 0/0 short/long disappearing links alive
0 finalization-ready objects; 0/0 short/long links cleared
Finalize plus initiate sweep took 0 + 0 msecs

--> Marking for collection #71 after 3379008 allocated bytes
Marked from 8 dirty pages
GC #71 freed 2096896 bytes, heap 59576 KiB
World-stopped marking took 1 msecs (1 in average)
GC start time: 263
In-use heap: 25% (10998 KiB pointers + 3906 KiB other)
GC finish time: 263
0 finalization entries; 0/0 short/long disappearing links alive
0 finalization-ready objects; 0/0 short/long links cleared
Finalize plus initiate sweep took 0 + 0 msecs

--> Marking for collection #72 after 3982528 allocated bytes
Marked from 8 dirty pages
GC #72 freed 1576896 bytes, heap 59576 KiB
World-stopped marking took 0 msecs (1 in average)
GC start time: 265
In-use heap: 25% (11300 KiB pointers + 3906 KiB other)
GC finish time: 265
0 finalization entries; 0/0 short/long disappearing links alive
0 finalization-ready objects; 0/0 short/long links cleared
Finalize plus initiate sweep took 0 + 0 msecs

--> Marking for collection #73 after 4083520 allocated bytes
Marked from 11 dirty pages
GC #73 freed 3673984 bytes, heap 59576 KiB
World-stopped marking took 0 msecs (1 in average)
GC start time: 268
In-use heap: 27% (12211 KiB pointers + 3906 KiB other)
GC finish time: 268
0 finalization entries; 0/0 short/long disappearing links alive
0 finalization-ready objects; 0/0 short/long links cleared
Finalize plus initiate sweep took 0 + 0 msecs

--> Marking for collection #74 after 4397632 allocated bytes
Marked from 16 dirty pages
GC #74 freed 3149696 bytes, heap 59576 KiB
World-stopped marking took 0 msecs (1 in average)
GC start time: 270
In-use heap: 28% (12917 KiB pointers + 3906 KiB other)
GC finish time: 270
0 finalization entries; 0/0 short/long disappearing links alive
0 finalization-ready objects; 0/0 short/long links cleared
Finalize plus initiate sweep took 0 + 0 msecs
***>Full mark for collection #75 after 4636544 allocd bytes

--> Marking for collection #75 after 4636544 allocated bytes
GC #75 freed 3682176 bytes, heap 59576 KiB
World-stopped marking took 5 msecs (1 in average)
GC start time: 273
In-use heap: 20% (8230 KiB pointers + 3906 KiB other)
GC finish time: 273
0 finalization entries; 0/0 short/long disappearing links alive
0 finalization-ready objects; 0/0 short/long links cleared
Finalize plus initiate sweep took 0 + 0 msecs

--> Marking for collection #76 after 3035008 allocated bytes
Marked from 13 dirty pages
GC #76 freed 9457408 bytes, heap 59576 KiB
World-stopped marking took 1 msecs (1 in average)
GC start time: 275
In-use heap: 25% (11196 KiB pointers + 3906 KiB other)
GC finish time: 275
0 finalization entries; 0/0 short/long disappearing links alive
0 finalization-ready objects; 0/0 short/long links cleared
Finalize plus initiate sweep took 0 + 0 msecs

--> Marking for collection #77 after 4050816 allocated bytes
Marked from 7 dirty pages
GC #77 freed 0 bytes, heap 59576 KiB
World-stopped marking took 1 msecs (1 in average)
GC start time: 277
In-use heap: 31% (15143 KiB pointers + 3906 KiB other)
GC finish time: 278
0 finalization entries; 0/0 short/long disappearing links alive
0 finalization-ready objects; 0/0 short/long links cleared
Finalize plus initiate sweep took 0 + 0 msecs
***>Full mark for collection #78 after 5394432 allocd bytes

--> Marking for collection #78 after 5394432 allocated bytes
GC #78 freed 4096 bytes, heap 59576 KiB
World-stopped marking took 6 msecs (1 in average)
GC start time: 282
In-use heap: 27% (12226 KiB pointers + 3906 KiB other)
GC finish time: 282
0 finalization entries; 0/0 short/long disappearing links alive
0 finalization-ready objects; 0/0 short/long links cleared
Finalize plus initiate sweep took 0 + 0 msecs

--> Marking for collection #79 after 4399616 allocated bytes
Marked from 14 dirty pages
GC #79 freed 8413632 bytes, heap 59576 KiB
World-stopped marking took 0 msecs (1 in average)
GC start time: 284
In-use heap: 27% (12430 KiB pointers + 3906 KiB other)
GC finish time: 284
0 finalization entries; 0/0 short/long disappearing links alive
0 finalization-ready objects; 0/0 short/long links cleared
Finalize plus initiate sweep took 0 + 0 msecs

--> Marking for collection #80 after 4471872 allocated bytes
Marked from 11 dirty pages
GC #80 freed 4202496 bytes, heap 59576 KiB
World-stopped marking took 2 msecs (1 in average)
GC start time: 287
In-use heap: 34% (16786 KiB pointers + 3906 KiB other)
GC finish time: 287
0 finalization entries; 0/0 short/long disappearing links alive
0 finalization-ready objects; 0/0 short/long links cleared
Finalize plus initiate sweep took 0 + 0 msecs

--> Marking for collection #81 after 5956480 allocated bytes
Marked from 16 dirty pages
GC #81 freed 8192 bytes, heap 59576 KiB
World-stopped marking took 3 msecs (1 in average)
GC start time: 291
In-use heap: 44% (22600 KiB pointers + 3906 KiB other)
GC finish time: 291
0 finalization entries; 0/0 short/long disappearing links alive
0 finalization-ready objects; 0/0 short/long links cleared
Finalize plus initiate sweep took 0 + 0 msecs
***>Full mark for collection #82 after 7942144 allocd bytes

--> Marking for collection #82 after 7942144 allocated bytes
GC #82 freed 12288 bytes, heap 59576 KiB
World-stopped marking took 6 msecs (1 in average)
GC start time: 296
In-use heap: 23% (10015 KiB pointers + 3910 KiB other)
GC finish time: 297
0 finalization entries; 0/0 short/long disappearing links alive
0 finalization-ready objects; 0/0 short/long links cleared
Finalize plus initiate sweep took 0 + 0 msecs

--> Marking for collection #83 after 3645312 allocated bytes
Marked from 14 dirty pages
GC #83 freed 20856640 bytes, heap 59576 KiB
World-stopped marking took 1 msecs (1 in average)
GC start time: 299
In-use heap: 29% (13567 KiB pointers + 3910 KiB other)
GC finish time: 299
0 finalization entries; 0/0 short/long disappearing links alive
0 finalization-ready objects; 0/0 short/long links cleared
Finalize plus initiate sweep took 0 + 0 msecs

--> Marking for collection #84 after 4857792 allocated bytes
Marked from 18 dirty pages
GC #84 freed 0 bytes, heap 59576 KiB
World-stopped marking took 2 msecs (1 in average)
GC start time: 302
In-use heap: 37% (18297 KiB pointers + 3910 KiB other)
GC finish time: 302
0 finalization entries; 0/0 short/long disappearing links alive
0 finalization-ready objects; 0/0 short/long links cleared
Finalize plus initiate sweep took 0 + 0 msecs
***>Full mark for collection #85 after 6471680 allocd bytes

--> Marking for collection #85 after 6471680 allocated bytes
GC #85 freed 0 bytes, heap 59576 KiB
World-stopped marking took 10 msecs (1 in average)
GC start time: 307
In-use heap: 30% (14270 KiB pointers + 3910 KiB other)
GC finish time: 307
0 finalization entries; 0/0 short/long disappearing links alive
0 finalization-ready objects; 0/0 short/long links cleared
Finalize plus initiate sweep took 0 + 0 msecs

--> Marking for collection #86 after 5099392 allocated bytes
Marked from 10 dirty pages
GC #86 freed 10628288 bytes, heap 59576 KiB
World-stopped marking took 2 msecs (1 in average)
GC start time: 310
In-use heap: 38% (19250 KiB pointers + 3910 KiB other)
GC finish time: 310
0 finalization entries; 0/0 short/long disappearing links alive
0 finalization-ready objects; 0/0 short/long links cleared
Finalize plus initiate sweep took 0 + 0 msecs

--> Marking for collection #87 after 6798656 allocated bytes
Marked from 12 dirty pages
GC #87 freed 4096 bytes, heap 59576 KiB
World-stopped marking took 4 msecs (1 in average)
GC start time: 315
In-use heap: 50% (25879 KiB pointers + 3910 KiB other)
GC finish time: 315
0 finalization entries; 0/0 short/long disappearing links alive
0 finalization-ready objects; 0/0 short/long links cleared
Finalize plus initiate sweep took 0 + 0 msecs
***>Full mark for collection #88 after 9060352 allocd bytes

--> Marking for collection #88 after 9060352 allocated bytes
GC #88 freed 4096 bytes, heap 59576 KiB
World-stopped marking took 7 msecs (1 in average)
GC start time: 321
In-use heap: 21% (8756 KiB pointers + 3910 KiB other)
GC finish time: 321
0 finalization entries; 0/0 short/long disappearing links alive
0 finalization-ready objects; 0/0 short/long links cleared
Finalize plus initiate sweep took 0 + 0 msecs
