GC start time: 11
****************************************************************************
   GC HEAP SUMMARY                                                          
mem live:  3145728
mem used:  4194304
mem extra: 401408
****************************************************************************
****************************************************************************
   GC HEAP SUMMARY                                                          
mem live:  3145728
mem used:  4194304
mem extra: 401408
****************************************************************************
****************************************************************************
   GC RUN SUMMARY                                                           
gc kind:     collect
pause time:  3414 us
freed:       0
moved:       0
****************************************************************************
GC finish time: 17
GC start time: 21
****************************************************************************
   GC HEAP SUMMARY                                                          
mem live:  6291456
mem used:  8388608
mem extra: 442368
****************************************************************************
****************************************************************************
   GC HEAP SUMMARY                                                          
mem live:  6291456
mem used:  8388608
mem extra: 442368
****************************************************************************
****************************************************************************
   GC RUN SUMMARY                                                           
gc kind:     collect
pause time:  2689 us
freed:       0
moved:       0
****************************************************************************
GC finish time: 26
GC start time: 34
****************************************************************************
   GC HEAP SUMMARY                                                          
mem live:  12582912
mem used:  16777216
mem extra: 589824
****************************************************************************
****************************************************************************
   GC HEAP SUMMARY                                                          
mem live:  12582912
mem used:  16777216
mem extra: 589824
****************************************************************************
****************************************************************************
   GC RUN SUMMARY                                                           
gc kind:     collect
pause time:  5010 us
freed:       0
moved:       0
****************************************************************************
GC finish time: 45
GC start time: 61
****************************************************************************
   GC HEAP SUMMARY                                                          
mem live:  25165824
mem used:  33554432
mem extra: 753664
****************************************************************************
****************************************************************************
   GC HEAP SUMMARY                                                          
mem live:  6096
mem used:  8192
mem extra: 294992
****************************************************************************
****************************************************************************
   GC RUN SUMMARY                                                           
gc kind:     collect
pause time:  6662 us
freed:       33546304
moved:       0
****************************************************************************
GC finish time: 73
GC start time: 102
****************************************************************************
   GC HEAP SUMMARY                                                          
mem live:  26161360
mem used:  33550320
mem extra: 649008
****************************************************************************
****************************************************************************
   GC HEAP SUMMARY                                                          
mem live:  10291744
mem used:  12406768
mem extra: 442528
****************************************************************************
****************************************************************************
   GC RUN SUMMARY                                                           
gc kind:     collect
pause time:  9552 us
freed:       21159488
moved:       0
****************************************************************************
GC finish time: 117
GC start time: 135
****************************************************************************
   GC HEAP SUMMARY                                                          
mem live:  26161408
mem used:  33550320
mem extra: 649008
****************************************************************************
****************************************************************************
   GC HEAP SUMMARY                                                          
mem live:  10291888
mem used:  12398576
mem extra: 442448
****************************************************************************
****************************************************************************
   GC RUN SUMMARY                                                           
gc kind:     collect
pause time:  6046 us
freed:       21159360
moved:       0
****************************************************************************
GC finish time: 146
GC start time: 164
****************************************************************************
   GC HEAP SUMMARY                                                          
mem live:  26161408
mem used:  33550320
mem extra: 649008
****************************************************************************
****************************************************************************
   GC HEAP SUMMARY                                                          
mem live:  10291888
mem used:  12398576
mem extra: 442448
****************************************************************************
****************************************************************************
   GC RUN SUMMARY                                                           
gc kind:     collect
pause time:  6538 us
freed:       21159360
moved:       0
****************************************************************************
GC finish time: 176
GC start time: 194
****************************************************************************
   GC HEAP SUMMARY                                                          
mem live:  26161408
mem used:  33550320
mem extra: 649008
****************************************************************************
****************************************************************************
   GC HEAP SUMMARY                                                          
mem live:  10297024
mem used:  12398576
mem extra: 442448
****************************************************************************
****************************************************************************
   GC RUN SUMMARY                                                           
gc kind:     collect
pause time:  6048 us
freed:       21152512
moved:       0
****************************************************************************
GC finish time: 205
GC start time: 228
****************************************************************************
   GC HEAP SUMMARY                                                          
mem live:  26161408
mem used:  33550320
mem extra: 649008
****************************************************************************
****************************************************************************
   GC HEAP SUMMARY                                                          
mem live:  10293520
mem used:  12406768
mem extra: 442528
****************************************************************************
****************************************************************************
   GC RUN SUMMARY                                                           
gc kind:     collect
pause time:  7709 us
freed:       21157184
moved:       0
****************************************************************************
GC finish time: 241
GC start time: 263
****************************************************************************
   GC HEAP SUMMARY                                                          
mem live:  26161408
mem used:  33550320
mem extra: 649008
****************************************************************************
****************************************************************************
   GC HEAP SUMMARY                                                          
mem live:  10293520
mem used:  12398576
mem extra: 442448
****************************************************************************
****************************************************************************
   GC RUN SUMMARY                                                           
gc kind:     collect
pause time:  6563 us
freed:       21157184
moved:       0
****************************************************************************
GC finish time: 277
GC start time: 297
****************************************************************************
   GC HEAP SUMMARY                                                          
mem live:  26161408
mem used:  33550320
mem extra: 649008
****************************************************************************
****************************************************************************
   GC HEAP SUMMARY                                                          
mem live:  10305616
mem used:  12414960
mem extra: 442608
****************************************************************************
****************************************************************************
   GC RUN SUMMARY                                                           
gc kind:     collect
pause time:  5826 us
freed:       21141056
moved:       0
****************************************************************************
GC finish time: 308
GC start time: 331
****************************************************************************
   GC HEAP SUMMARY                                                          
mem live:  26161408
mem used:  33550320
mem extra: 649008
****************************************************************************
****************************************************************************
   GC HEAP SUMMARY                                                          
mem live:  10291792
mem used:  12398576
mem extra: 442448
****************************************************************************
****************************************************************************
   GC RUN SUMMARY                                                           
gc kind:     collect
pause time:  7881 us
freed:       21159488
moved:       0
****************************************************************************
GC finish time: 344
GC start time: 367
****************************************************************************
   GC HEAP SUMMARY                                                          
mem live:  26161408
mem used:  33550320
mem extra: 649008
****************************************************************************
****************************************************************************
   GC HEAP SUMMARY                                                          
mem live:  10291792
mem used:  12398576
mem extra: 442448
****************************************************************************
****************************************************************************
   GC RUN SUMMARY                                                           
gc kind:     collect
pause time:  6930 us
freed:       21159488
moved:       0
****************************************************************************
GC finish time: 379
GC start time: 402
****************************************************************************
   GC HEAP SUMMARY                                                          
mem live:  26161408
mem used:  33550320
mem extra: 649008
****************************************************************************
****************************************************************************
   GC HEAP SUMMARY                                                          
mem live:  10305088
mem used:  12414960
mem extra: 442608
****************************************************************************
****************************************************************************
   GC RUN SUMMARY                                                           
gc kind:     collect
pause time:  6043 us
freed:       21141760
moved:       0
****************************************************************************
GC finish time: 414
GC start time: 432
****************************************************************************
   GC HEAP SUMMARY                                                          
mem live:  26161408
mem used:  33550320
mem extra: 649008
****************************************************************************
****************************************************************************
   GC HEAP SUMMARY                                                          
mem live:  10342192
mem used:  12472304
mem extra: 443168
****************************************************************************
****************************************************************************
   GC RUN SUMMARY                                                           
gc kind:     collect
pause time:  8216 us
freed:       21092288
moved:       0
****************************************************************************
GC finish time: 446
GC start time: 464
****************************************************************************
   GC HEAP SUMMARY                                                          
mem live:  26161408
mem used:  33550320
mem extra: 649008
****************************************************************************
****************************************************************************
   GC HEAP SUMMARY                                                          
mem live:  10342192
mem used:  12472304
mem extra: 443168
****************************************************************************
****************************************************************************
   GC RUN SUMMARY                                                           
gc kind:     collect
pause time:  7915 us
freed:       21092288
moved:       0
****************************************************************************
GC finish time: 477
GC start time: 495
****************************************************************************
   GC HEAP SUMMARY                                                          
mem live:  26161408
mem used:  33550320
mem extra: 649008
****************************************************************************
****************************************************************************
   GC HEAP SUMMARY                                                          
mem live:  10438720
mem used:  12611568
mem extra: 444528
****************************************************************************
****************************************************************************
   GC RUN SUMMARY                                                           
gc kind:     collect
pause time:  6350 us
freed:       20963584
moved:       0
****************************************************************************
GC finish time: 506
GC start time: 524
****************************************************************************
   GC HEAP SUMMARY                                                          
mem live:  26161408
mem used:  33550320
mem extra: 649008
****************************************************************************
****************************************************************************
   GC HEAP SUMMARY                                                          
mem live:  10434688
mem used:  12603376
mem extra: 444448
****************************************************************************
****************************************************************************
   GC RUN SUMMARY                                                           
gc kind:     collect
pause time:  6648 us
freed:       20968960
moved:       0
****************************************************************************
GC finish time: 536
GC start time: 555
****************************************************************************
   GC HEAP SUMMARY                                                          
mem live:  26161408
mem used:  33550320
mem extra: 649008
****************************************************************************
****************************************************************************
   GC HEAP SUMMARY                                                          
mem live:  10434688
mem used:  12611568
mem extra: 444528
****************************************************************************
****************************************************************************
   GC RUN SUMMARY                                                           
gc kind:     collect
pause time:  7785 us
freed:       20968960
moved:       0
****************************************************************************
GC finish time: 568
GC start time: 589
****************************************************************************
   GC HEAP SUMMARY                                                          
mem live:  26161408
mem used:  33550320
mem extra: 649008
****************************************************************************
****************************************************************************
   GC HEAP SUMMARY                                                          
mem live:  10434544
mem used:  12611568
mem extra: 444528
****************************************************************************
****************************************************************************
   GC RUN SUMMARY                                                           
gc kind:     collect
pause time:  7640 us
freed:       20969152
moved:       0
****************************************************************************
GC finish time: 602
GC start time: 620
****************************************************************************
   GC HEAP SUMMARY                                                          
mem live:  26161408
mem used:  33550320
mem extra: 649008
****************************************************************************
****************************************************************************
   GC HEAP SUMMARY                                                          
mem live:  10433248
mem used:  12619760
mem extra: 444608
****************************************************************************
****************************************************************************
   GC RUN SUMMARY                                                           
gc kind:     collect
pause time:  6384 us
freed:       20970880
moved:       0
****************************************************************************
GC finish time: 632
GC start time: 649
****************************************************************************
   GC HEAP SUMMARY                                                          
mem live:  26161408
mem used:  33550320
mem extra: 649008
****************************************************************************
****************************************************************************
   GC HEAP SUMMARY                                                          
mem live:  10433248
mem used:  12619760
mem extra: 444608
****************************************************************************
****************************************************************************
   GC RUN SUMMARY                                                           
gc kind:     collect
pause time:  6311 us
freed:       20970880
moved:       0
****************************************************************************
GC finish time: 661
GC start time: 678
****************************************************************************
   GC HEAP SUMMARY                                                          
mem live:  26161408
mem used:  33550320
mem extra: 649008
****************************************************************************
****************************************************************************
   GC HEAP SUMMARY                                                          
mem live:  10433248
mem used:  12627952
mem extra: 444688
****************************************************************************
****************************************************************************
   GC RUN SUMMARY                                                           
gc kind:     collect
pause time:  6503 us
freed:       20970880
moved:       0
****************************************************************************
GC finish time: 690
GC start time: 708
****************************************************************************
   GC HEAP SUMMARY                                                          
mem live:  26161408
mem used:  33550320
mem extra: 649008
****************************************************************************
****************************************************************************
   GC HEAP SUMMARY                                                          
mem live:  12005776
mem used:  14725104
mem extra: 465168
****************************************************************************
****************************************************************************
   GC RUN SUMMARY                                                           
gc kind:     collect
pause time:  6698 us
freed:       18874176
moved:       0
****************************************************************************
GC finish time: 720
GC start time: 737
****************************************************************************
   GC HEAP SUMMARY                                                          
mem live:  26161408
mem used:  33550320
mem extra: 649008
****************************************************************************
****************************************************************************
   GC HEAP SUMMARY                                                          
mem live:  13578592
mem used:  16830448
mem extra: 485728
****************************************************************************
****************************************************************************
   GC RUN SUMMARY                                                           
gc kind:     collect
pause time:  8979 us
freed:       16777088
moved:       0
****************************************************************************
GC finish time: 751
GC start time: 766
****************************************************************************
   GC HEAP SUMMARY                                                          
mem live:  26161408
mem used:  33550320
mem extra: 649008
****************************************************************************
****************************************************************************
   GC HEAP SUMMARY                                                          
mem live:  13578592
mem used:  16830448
mem extra: 485728
****************************************************************************
****************************************************************************
   GC RUN SUMMARY                                                           
gc kind:     collect
pause time:  6843 us
freed:       16777088
moved:       0
****************************************************************************
GC finish time: 778
