desc: --massif-out-file=manual.massif.out --time-unit=ms
cmd: ./boehm --top-down
time_unit: ms
#-----------
snapshot=0
#-----------
time=0
mem_heap_B=0
mem_heap_extra_B=0
mem_stacks_B=0
heap_tree=empty
#-----------
snapshot=1
#-----------
time=384
mem_heap_B=1824464
mem_heap_extra_B=291968
mem_stacks_B=0
heap_tree=empty
#-----------
snapshot=2
#-----------
time=936
mem_heap_B=8860544
mem_heap_extra_B=1464664
mem_stacks_B=0
heap_tree=empty
#-----------
snapshot=3
#-----------
time=1320
mem_heap_B=13649168
mem_heap_extra_B=2262768
mem_stacks_B=0
heap_tree=empty
#-----------
snapshot=4
#-----------
time=1757
mem_heap_B=18948272
mem_heap_extra_B=3145952
mem_stacks_B=0
heap_tree=empty
#-----------
snapshot=5
#-----------
time=2264
mem_heap_B=25238480
mem_heap_extra_B=4194320
mem_stacks_B=0
heap_tree=peak
n43: 25238480 (heap allocation functions) malloc/new/new[], --alloc-fns, etc.
 n5: 2654208 0x402C40: GCBench::MakeTree(int) (in /home/user/projects/cpp/build/gcmalloc/Release/boehm)
  n0: 1327104 in 24 places, all below massif's threshold (01.00%)
  n1: 331776 0x4027C5: GCBench::MakeTree(int) (in /home/user/projects/cpp/build/gcmalloc/Release/boehm)
   n0: 331776 in 28 places, all below massif's threshold (01.00%)
  n1: 331776 0x4027D0: GCBench::MakeTree(int) (in /home/user/projects/cpp/build/gcmalloc/Release/boehm)
   n0: 331776 in 28 places, all below massif's threshold (01.00%)
  n1: 331776 0x4029A1: GCBench::MakeTree(int) (in /home/user/projects/cpp/build/gcmalloc/Release/boehm)
   n0: 331776 in 28 places, all below massif's threshold (01.00%)
  n1: 331776 0x4029AC: GCBench::MakeTree(int) (in /home/user/projects/cpp/build/gcmalloc/Release/boehm)
   n0: 331776 in 28 places, all below massif's threshold (01.00%)
 n0: 1497632 in 21 places, all below massif's threshold (01.00%)
 n1: 1399920 0x402AE7: GCBench::MakeTree(int) (in /home/user/projects/cpp/build/gcmalloc/Release/boehm)
  n0: 1399920 in 29 places, all below massif's threshold (01.00%)
 n1: 1105008 0x402AD3: GCBench::MakeTree(int) (in /home/user/projects/cpp/build/gcmalloc/Release/boehm)
  n0: 1105008 in 29 places, all below massif's threshold (01.00%)
 n1: 1092720 0x402ABF: GCBench::MakeTree(int) (in /home/user/projects/cpp/build/gcmalloc/Release/boehm)
  n0: 1092720 in 29 places, all below massif's threshold (01.00%)
 n1: 663552 0x402B8C: GCBench::MakeTree(int) (in /home/user/projects/cpp/build/gcmalloc/Release/boehm)
  n0: 663552 in 24 places, all below massif's threshold (01.00%)
 n1: 663552 0x402BA0: GCBench::MakeTree(int) (in /home/user/projects/cpp/build/gcmalloc/Release/boehm)
  n0: 663552 in 24 places, all below massif's threshold (01.00%)
 n1: 663552 0x402BB4: GCBench::MakeTree(int) (in /home/user/projects/cpp/build/gcmalloc/Release/boehm)
  n0: 663552 in 24 places, all below massif's threshold (01.00%)
 n1: 663552 0x402BD0: GCBench::MakeTree(int) (in /home/user/projects/cpp/build/gcmalloc/Release/boehm)
  n0: 663552 in 24 places, all below massif's threshold (01.00%)
 n1: 663552 0x402BEC: GCBench::MakeTree(int) (in /home/user/projects/cpp/build/gcmalloc/Release/boehm)
  n0: 663552 in 24 places, all below massif's threshold (01.00%)
 n1: 663552 0x402C00: GCBench::MakeTree(int) (in /home/user/projects/cpp/build/gcmalloc/Release/boehm)
  n0: 663552 in 24 places, all below massif's threshold (01.00%)
 n1: 663552 0x402C1C: GCBench::MakeTree(int) (in /home/user/projects/cpp/build/gcmalloc/Release/boehm)
  n0: 663552 in 24 places, all below massif's threshold (01.00%)
 n1: 663552 0x402B08: GCBench::MakeTree(int) (in /home/user/projects/cpp/build/gcmalloc/Release/boehm)
  n0: 663552 in 24 places, all below massif's threshold (01.00%)
 n1: 663552 0x402B24: GCBench::MakeTree(int) (in /home/user/projects/cpp/build/gcmalloc/Release/boehm)
  n0: 663552 in 24 places, all below massif's threshold (01.00%)
 n1: 663552 0x402B40: GCBench::MakeTree(int) (in /home/user/projects/cpp/build/gcmalloc/Release/boehm)
  n0: 663552 in 24 places, all below massif's threshold (01.00%)
 n1: 663552 0x402B54: GCBench::MakeTree(int) (in /home/user/projects/cpp/build/gcmalloc/Release/boehm)
  n0: 663552 in 24 places, all below massif's threshold (01.00%)
 n1: 663552 0x402B70: GCBench::MakeTree(int) (in /home/user/projects/cpp/build/gcmalloc/Release/boehm)
  n0: 663552 in 24 places, all below massif's threshold (01.00%)
 n1: 429168 0x4027B3: GCBench::MakeTree(int) (in /home/user/projects/cpp/build/gcmalloc/Release/boehm)
  n0: 429168 in 29 places, all below massif's threshold (01.00%)
 n1: 429168 0x4027DD: GCBench::MakeTree(int) (in /home/user/projects/cpp/build/gcmalloc/Release/boehm)
  n0: 429168 in 29 places, all below massif's threshold (01.00%)
 n1: 429168 0x4027F1: GCBench::MakeTree(int) (in /home/user/projects/cpp/build/gcmalloc/Release/boehm)
  n0: 429168 in 29 places, all below massif's threshold (01.00%)
 n1: 429168 0x4028E6: GCBench::MakeTree(int) (in /home/user/projects/cpp/build/gcmalloc/Release/boehm)
  n0: 429168 in 29 places, all below massif's threshold (01.00%)
 n1: 429168 0x4028FA: GCBench::MakeTree(int) (in /home/user/projects/cpp/build/gcmalloc/Release/boehm)
  n0: 429168 in 29 places, all below massif's threshold (01.00%)
 n1: 429168 0x402912: GCBench::MakeTree(int) (in /home/user/projects/cpp/build/gcmalloc/Release/boehm)
  n0: 429168 in 29 places, all below massif's threshold (01.00%)
 n1: 429168 0x40298F: GCBench::MakeTree(int) (in /home/user/projects/cpp/build/gcmalloc/Release/boehm)
  n0: 429168 in 29 places, all below massif's threshold (01.00%)
 n1: 429168 0x4029B9: GCBench::MakeTree(int) (in /home/user/projects/cpp/build/gcmalloc/Release/boehm)
  n0: 429168 in 29 places, all below massif's threshold (01.00%)
 n1: 429168 0x4029CD: GCBench::MakeTree(int) (in /home/user/projects/cpp/build/gcmalloc/Release/boehm)
  n0: 429168 in 29 places, all below massif's threshold (01.00%)
 n1: 429168 0x402AAB: GCBench::MakeTree(int) (in /home/user/projects/cpp/build/gcmalloc/Release/boehm)
  n0: 429168 in 29 places, all below massif's threshold (01.00%)
 n1: 331776 0x402D84: GCBench::MakeTree(int) (in /home/user/projects/cpp/build/gcmalloc/Release/boehm)
  n0: 331776 in 28 places, all below massif's threshold (01.00%)
 n1: 331776 0x402DA0: GCBench::MakeTree(int) (in /home/user/projects/cpp/build/gcmalloc/Release/boehm)
  n0: 331776 in 28 places, all below massif's threshold (01.00%)
 n1: 331776 0x402E08: GCBench::MakeTree(int) (in /home/user/projects/cpp/build/gcmalloc/Release/boehm)
  n0: 331776 in 28 places, all below massif's threshold (01.00%)
 n1: 331776 0x402E27: GCBench::MakeTree(int) (in /home/user/projects/cpp/build/gcmalloc/Release/boehm)
  n0: 331776 in 28 places, all below massif's threshold (01.00%)
 n1: 331776 0x402DC8: GCBench::MakeTree(int) (in /home/user/projects/cpp/build/gcmalloc/Release/boehm)
  n0: 331776 in 28 places, all below massif's threshold (01.00%)
 n1: 331776 0x402EB1: GCBench::MakeTree(int) (in /home/user/projects/cpp/build/gcmalloc/Release/boehm)
  n0: 331776 in 28 places, all below massif's threshold (01.00%)
 n1: 331776 0x402D70: GCBench::MakeTree(int) (in /home/user/projects/cpp/build/gcmalloc/Release/boehm)
  n0: 331776 in 28 places, all below massif's threshold (01.00%)
 n1: 331776 0x402DE7: GCBench::MakeTree(int) (in /home/user/projects/cpp/build/gcmalloc/Release/boehm)
  n0: 331776 in 28 places, all below massif's threshold (01.00%)
 n1: 331776 0x402D38: GCBench::MakeTree(int) (in /home/user/projects/cpp/build/gcmalloc/Release/boehm)
  n0: 331776 in 28 places, all below massif's threshold (01.00%)
 n1: 331776 0x402D54: GCBench::MakeTree(int) (in /home/user/projects/cpp/build/gcmalloc/Release/boehm)
  n0: 331776 in 28 places, all below massif's threshold (01.00%)
 n1: 331776 0x402E48: GCBench::MakeTree(int) (in /home/user/projects/cpp/build/gcmalloc/Release/boehm)
  n0: 331776 in 28 places, all below massif's threshold (01.00%)
 n1: 331776 0x402E64: GCBench::MakeTree(int) (in /home/user/projects/cpp/build/gcmalloc/Release/boehm)
  n0: 331776 in 28 places, all below massif's threshold (01.00%)
 n1: 331776 0x402E80: GCBench::MakeTree(int) (in /home/user/projects/cpp/build/gcmalloc/Release/boehm)
  n0: 331776 in 28 places, all below massif's threshold (01.00%)
 n1: 331776 0x402E95: GCBench::MakeTree(int) (in /home/user/projects/cpp/build/gcmalloc/Release/boehm)
  n0: 331776 in 28 places, all below massif's threshold (01.00%)
 n1: 294912 0x402C68: GCBench::MakeTree(int) (in /home/user/projects/cpp/build/gcmalloc/Release/boehm)
  n0: 294912 in 28 places, all below massif's threshold (01.00%)
 n1: 294912 0x402C84: GCBench::MakeTree(int) (in /home/user/projects/cpp/build/gcmalloc/Release/boehm)
  n0: 294912 in 28 places, all below massif's threshold (01.00%)
#-----------
snapshot=6
#-----------
time=2648
mem_heap_B=797504
mem_heap_extra_B=120808
mem_stacks_B=0
heap_tree=empty
#-----------
snapshot=7
#-----------
time=3260
mem_heap_B=10364592
mem_heap_extra_B=1048680
mem_stacks_B=0
heap_tree=empty
#-----------
snapshot=8
#-----------
time=3604
mem_heap_B=10365024
mem_heap_extra_B=1048752
mem_stacks_B=0
heap_tree=detailed
n20: 10365024 (heap allocation functions) malloc/new/new[], --alloc-fns, etc.
 n1: 4000000 0x401282: GCBench::main(int) (in /home/user/projects/cpp/build/gcmalloc/Release/boehm)
  n0: 4000000 0x401BD1: main (in /home/user/projects/cpp/build/gcmalloc/Release/boehm)
 n1: 617760 0x402090: GCBench::Populate(int, Node*) [clone .isra.5] (in /home/user/projects/cpp/build/gcmalloc/Release/boehm)
  n1: 617760 0x401241: GCBench::main(int) (in /home/user/projects/cpp/build/gcmalloc/Release/boehm)
   n0: 617760 0x401BD1: main (in /home/user/projects/cpp/build/gcmalloc/Release/boehm)
 n1: 617760 0x402074: GCBench::Populate(int, Node*) [clone .isra.5] (in /home/user/projects/cpp/build/gcmalloc/Release/boehm)
  n1: 617760 0x401241: GCBench::main(int) (in /home/user/projects/cpp/build/gcmalloc/Release/boehm)
   n0: 617760 0x401BD1: main (in /home/user/projects/cpp/build/gcmalloc/Release/boehm)
 n2: 549168 0x40203A: GCBench::Populate(int, Node*) [clone .isra.5] (in /home/user/projects/cpp/build/gcmalloc/Release/boehm)
  n1: 549120 0x401241: GCBench::main(int) (in /home/user/projects/cpp/build/gcmalloc/Release/boehm)
   n0: 549120 0x401BD1: main (in /home/user/projects/cpp/build/gcmalloc/Release/boehm)
  n0: 48 in 1 place, below massif's threshold (01.00%)
 n2: 549168 0x40201E: GCBench::Populate(int, Node*) [clone .isra.5] (in /home/user/projects/cpp/build/gcmalloc/Release/boehm)
  n1: 549120 0x401241: GCBench::main(int) (in /home/user/projects/cpp/build/gcmalloc/Release/boehm)
   n0: 549120 0x401BD1: main (in /home/user/projects/cpp/build/gcmalloc/Release/boehm)
  n0: 48 in 1 place, below massif's threshold (01.00%)
 n1: 549120 0x4020E0: GCBench::Populate(int, Node*) [clone .isra.5] (in /home/user/projects/cpp/build/gcmalloc/Release/boehm)
  n1: 549120 0x401241: GCBench::main(int) (in /home/user/projects/cpp/build/gcmalloc/Release/boehm)
   n0: 549120 0x401BD1: main (in /home/user/projects/cpp/build/gcmalloc/Release/boehm)
 n1: 549120 0x4020C4: GCBench::Populate(int, Node*) [clone .isra.5] (in /home/user/projects/cpp/build/gcmalloc/Release/boehm)
  n1: 549120 0x401241: GCBench::main(int) (in /home/user/projects/cpp/build/gcmalloc/Release/boehm)
   n0: 549120 0x401BD1: main (in /home/user/projects/cpp/build/gcmalloc/Release/boehm)
 n2: 385152 0x401DE4: GCBench::Populate(int, Node*) [clone .isra.5] (in /home/user/projects/cpp/build/gcmalloc/Release/boehm)
  n1: 384384 0x402102: GCBench::Populate(int, Node*) [clone .isra.5] (in /home/user/projects/cpp/build/gcmalloc/Release/boehm)
   n1: 384384 0x401241: GCBench::main(int) (in /home/user/projects/cpp/build/gcmalloc/Release/boehm)
    n0: 384384 0x401BD1: main (in /home/user/projects/cpp/build/gcmalloc/Release/boehm)
  n0: 768 in 1 place, below massif's threshold (01.00%)
 n2: 385152 0x401E00: GCBench::Populate(int, Node*) [clone .isra.5] (in /home/user/projects/cpp/build/gcmalloc/Release/boehm)
  n1: 384384 0x402102: GCBench::Populate(int, Node*) [clone .isra.5] (in /home/user/projects/cpp/build/gcmalloc/Release/boehm)
   n1: 384384 0x401241: GCBench::main(int) (in /home/user/projects/cpp/build/gcmalloc/Release/boehm)
    n0: 384384 0x401BD1: main (in /home/user/projects/cpp/build/gcmalloc/Release/boehm)
  n0: 768 in 1 place, below massif's threshold (01.00%)
 n2: 385152 0x401FC9: GCBench::Populate(int, Node*) [clone .isra.5] (in /home/user/projects/cpp/build/gcmalloc/Release/boehm)
  n1: 384384 0x401241: GCBench::main(int) (in /home/user/projects/cpp/build/gcmalloc/Release/boehm)
   n0: 384384 0x401BD1: main (in /home/user/projects/cpp/build/gcmalloc/Release/boehm)
  n0: 768 in 1 place, below massif's threshold (01.00%)
 n2: 385152 0x401FE5: GCBench::Populate(int, Node*) [clone .isra.5] (in /home/user/projects/cpp/build/gcmalloc/Release/boehm)
  n1: 384384 0x401241: GCBench::main(int) (in /home/user/projects/cpp/build/gcmalloc/Release/boehm)
   n0: 384384 0x401BD1: main (in /home/user/projects/cpp/build/gcmalloc/Release/boehm)
  n0: 768 in 1 place, below massif's threshold (01.00%)
 n2: 215424 0x401E45: GCBench::Populate(int, Node*) [clone .isra.5] (in /home/user/projects/cpp/build/gcmalloc/Release/boehm)
  n1: 209664 0x402102: GCBench::Populate(int, Node*) [clone .isra.5] (in /home/user/projects/cpp/build/gcmalloc/Release/boehm)
   n1: 209664 0x401241: GCBench::main(int) (in /home/user/projects/cpp/build/gcmalloc/Release/boehm)
    n0: 209664 0x401BD1: main (in /home/user/projects/cpp/build/gcmalloc/Release/boehm)
  n0: 5760 in 1 place, below massif's threshold (01.00%)
 n2: 215424 0x401F68: GCBench::Populate(int, Node*) [clone .isra.5] (in /home/user/projects/cpp/build/gcmalloc/Release/boehm)
  n1: 209664 0x401241: GCBench::main(int) (in /home/user/projects/cpp/build/gcmalloc/Release/boehm)
   n0: 209664 0x401BD1: main (in /home/user/projects/cpp/build/gcmalloc/Release/boehm)
  n0: 5760 in 1 place, below massif's threshold (01.00%)
 n2: 215424 0x401E61: GCBench::Populate(int, Node*) [clone .isra.5] (in /home/user/projects/cpp/build/gcmalloc/Release/boehm)
  n1: 209664 0x402102: GCBench::Populate(int, Node*) [clone .isra.5] (in /home/user/projects/cpp/build/gcmalloc/Release/boehm)
   n1: 209664 0x401241: GCBench::main(int) (in /home/user/projects/cpp/build/gcmalloc/Release/boehm)
    n0: 209664 0x401BD1: main (in /home/user/projects/cpp/build/gcmalloc/Release/boehm)
  n0: 5760 in 1 place, below massif's threshold (01.00%)
 n2: 215424 0x401F84: GCBench::Populate(int, Node*) [clone .isra.5] (in /home/user/projects/cpp/build/gcmalloc/Release/boehm)
  n1: 209664 0x401241: GCBench::main(int) (in /home/user/projects/cpp/build/gcmalloc/Release/boehm)
   n0: 209664 0x401BD1: main (in /home/user/projects/cpp/build/gcmalloc/Release/boehm)
  n0: 5760 in 1 place, below massif's threshold (01.00%)
 n1: 114240 0x401F23: GCBench::Populate(int, Node*) [clone .isra.5] (in /home/user/projects/cpp/build/gcmalloc/Release/boehm)
  n0: 114240 in 2 places, all below massif's threshold (01.00%)
 n1: 114240 0x401F07: GCBench::Populate(int, Node*) [clone .isra.5] (in /home/user/projects/cpp/build/gcmalloc/Release/boehm)
  n0: 114240 in 2 places, all below massif's threshold (01.00%)
 n1: 114240 0x401EC2: GCBench::Populate(int, Node*) [clone .isra.5] (in /home/user/projects/cpp/build/gcmalloc/Release/boehm)
  n0: 114240 in 2 places, all below massif's threshold (01.00%)
 n1: 114240 0x401EA6: GCBench::Populate(int, Node*) [clone .isra.5] (in /home/user/projects/cpp/build/gcmalloc/Release/boehm)
  n0: 114240 in 2 places, all below massif's threshold (01.00%)
 n0: 73664 in 73 places, all below massif's threshold (01.00%)
#-----------
snapshot=9
#-----------
time=3948
mem_heap_B=10365504
mem_heap_extra_B=1048832
mem_stacks_B=0
heap_tree=empty
#-----------
snapshot=10
#-----------
time=4292
mem_heap_B=10364640
mem_heap_extra_B=1048688
mem_stacks_B=0
heap_tree=empty
#-----------
snapshot=11
#-----------
time=4636
mem_heap_B=10364448
mem_heap_extra_B=1048656
mem_stacks_B=0
heap_tree=empty
#-----------
snapshot=12
#-----------
time=4980
mem_heap_B=10365456
mem_heap_extra_B=1048824
mem_stacks_B=0
heap_tree=empty
#-----------
snapshot=13
#-----------
time=5324
mem_heap_B=10368720
mem_heap_extra_B=1049368
mem_stacks_B=0
heap_tree=empty
#-----------
snapshot=14
#-----------
time=5668
mem_heap_B=10365984
mem_heap_extra_B=1048912
mem_stacks_B=0
heap_tree=empty
#-----------
snapshot=15
#-----------
time=6012
mem_heap_B=10364928
mem_heap_extra_B=1048736
mem_stacks_B=0
heap_tree=empty
#-----------
snapshot=16
#-----------
time=6356
mem_heap_B=10370160
mem_heap_extra_B=1049608
mem_stacks_B=0
heap_tree=empty
#-----------
snapshot=17
#-----------
time=6700
mem_heap_B=10366752
mem_heap_extra_B=1049040
mem_stacks_B=0
heap_tree=empty
#-----------
snapshot=18
#-----------
time=7044
mem_heap_B=10365792
mem_heap_extra_B=1048880
mem_stacks_B=0
heap_tree=empty
#-----------
snapshot=19
#-----------
time=7388
mem_heap_B=10368336
mem_heap_extra_B=1049304
mem_stacks_B=0
heap_tree=empty
#-----------
snapshot=20
#-----------
time=7732
mem_heap_B=10386960
mem_heap_extra_B=1052408
mem_stacks_B=0
heap_tree=empty
#-----------
snapshot=21
#-----------
time=8076
mem_heap_B=10381536
mem_heap_extra_B=1051504
mem_stacks_B=0
heap_tree=empty
#-----------
snapshot=22
#-----------
time=8420
mem_heap_B=10379520
mem_heap_extra_B=1051168
mem_stacks_B=0
heap_tree=empty
#-----------
snapshot=23
#-----------
time=8764
mem_heap_B=10367856
mem_heap_extra_B=1049224
mem_stacks_B=0
heap_tree=empty
#-----------
snapshot=24
#-----------
time=9194
mem_heap_B=10368960
mem_heap_extra_B=1049408
mem_stacks_B=0
heap_tree=detailed
n20: 10368960 (heap allocation functions) malloc/new/new[], --alloc-fns, etc.
 n1: 4000000 0x401282: GCBench::main(int) (in /home/user/projects/cpp/build/gcmalloc/Release/boehm)
  n0: 4000000 0x401BD1: main (in /home/user/projects/cpp/build/gcmalloc/Release/boehm)
 n1: 617760 0x402090: GCBench::Populate(int, Node*) [clone .isra.5] (in /home/user/projects/cpp/build/gcmalloc/Release/boehm)
  n1: 617760 0x401241: GCBench::main(int) (in /home/user/projects/cpp/build/gcmalloc/Release/boehm)
   n0: 617760 0x401BD1: main (in /home/user/projects/cpp/build/gcmalloc/Release/boehm)
 n1: 617760 0x402074: GCBench::Populate(int, Node*) [clone .isra.5] (in /home/user/projects/cpp/build/gcmalloc/Release/boehm)
  n1: 617760 0x401241: GCBench::main(int) (in /home/user/projects/cpp/build/gcmalloc/Release/boehm)
   n0: 617760 0x401BD1: main (in /home/user/projects/cpp/build/gcmalloc/Release/boehm)
 n2: 549168 0x40203A: GCBench::Populate(int, Node*) [clone .isra.5] (in /home/user/projects/cpp/build/gcmalloc/Release/boehm)
  n1: 549120 0x401241: GCBench::main(int) (in /home/user/projects/cpp/build/gcmalloc/Release/boehm)
   n0: 549120 0x401BD1: main (in /home/user/projects/cpp/build/gcmalloc/Release/boehm)
  n0: 48 in 1 place, below massif's threshold (01.00%)
 n2: 549168 0x40201E: GCBench::Populate(int, Node*) [clone .isra.5] (in /home/user/projects/cpp/build/gcmalloc/Release/boehm)
  n1: 549120 0x401241: GCBench::main(int) (in /home/user/projects/cpp/build/gcmalloc/Release/boehm)
   n0: 549120 0x401BD1: main (in /home/user/projects/cpp/build/gcmalloc/Release/boehm)
  n0: 48 in 1 place, below massif's threshold (01.00%)
 n1: 549120 0x4020E0: GCBench::Populate(int, Node*) [clone .isra.5] (in /home/user/projects/cpp/build/gcmalloc/Release/boehm)
  n1: 549120 0x401241: GCBench::main(int) (in /home/user/projects/cpp/build/gcmalloc/Release/boehm)
   n0: 549120 0x401BD1: main (in /home/user/projects/cpp/build/gcmalloc/Release/boehm)
 n1: 549120 0x4020C4: GCBench::Populate(int, Node*) [clone .isra.5] (in /home/user/projects/cpp/build/gcmalloc/Release/boehm)
  n1: 549120 0x401241: GCBench::main(int) (in /home/user/projects/cpp/build/gcmalloc/Release/boehm)
   n0: 549120 0x401BD1: main (in /home/user/projects/cpp/build/gcmalloc/Release/boehm)
 n2: 385152 0x401DE4: GCBench::Populate(int, Node*) [clone .isra.5] (in /home/user/projects/cpp/build/gcmalloc/Release/boehm)
  n1: 384384 0x402102: GCBench::Populate(int, Node*) [clone .isra.5] (in /home/user/projects/cpp/build/gcmalloc/Release/boehm)
   n1: 384384 0x401241: GCBench::main(int) (in /home/user/projects/cpp/build/gcmalloc/Release/boehm)
    n0: 384384 0x401BD1: main (in /home/user/projects/cpp/build/gcmalloc/Release/boehm)
  n0: 768 in 1 place, below massif's threshold (01.00%)
 n2: 385152 0x401E00: GCBench::Populate(int, Node*) [clone .isra.5] (in /home/user/projects/cpp/build/gcmalloc/Release/boehm)
  n1: 384384 0x402102: GCBench::Populate(int, Node*) [clone .isra.5] (in /home/user/projects/cpp/build/gcmalloc/Release/boehm)
   n1: 384384 0x401241: GCBench::main(int) (in /home/user/projects/cpp/build/gcmalloc/Release/boehm)
    n0: 384384 0x401BD1: main (in /home/user/projects/cpp/build/gcmalloc/Release/boehm)
  n0: 768 in 1 place, below massif's threshold (01.00%)
 n2: 385152 0x401FC9: GCBench::Populate(int, Node*) [clone .isra.5] (in /home/user/projects/cpp/build/gcmalloc/Release/boehm)
  n1: 384384 0x401241: GCBench::main(int) (in /home/user/projects/cpp/build/gcmalloc/Release/boehm)
   n0: 384384 0x401BD1: main (in /home/user/projects/cpp/build/gcmalloc/Release/boehm)
  n0: 768 in 1 place, below massif's threshold (01.00%)
 n2: 385152 0x401FE5: GCBench::Populate(int, Node*) [clone .isra.5] (in /home/user/projects/cpp/build/gcmalloc/Release/boehm)
  n1: 384384 0x401241: GCBench::main(int) (in /home/user/projects/cpp/build/gcmalloc/Release/boehm)
   n0: 384384 0x401BD1: main (in /home/user/projects/cpp/build/gcmalloc/Release/boehm)
  n0: 768 in 1 place, below massif's threshold (01.00%)
 n2: 215424 0x401E45: GCBench::Populate(int, Node*) [clone .isra.5] (in /home/user/projects/cpp/build/gcmalloc/Release/boehm)
  n1: 209664 0x402102: GCBench::Populate(int, Node*) [clone .isra.5] (in /home/user/projects/cpp/build/gcmalloc/Release/boehm)
   n1: 209664 0x401241: GCBench::main(int) (in /home/user/projects/cpp/build/gcmalloc/Release/boehm)
    n0: 209664 0x401BD1: main (in /home/user/projects/cpp/build/gcmalloc/Release/boehm)
  n0: 5760 in 1 place, below massif's threshold (01.00%)
 n2: 215424 0x401F68: GCBench::Populate(int, Node*) [clone .isra.5] (in /home/user/projects/cpp/build/gcmalloc/Release/boehm)
  n1: 209664 0x401241: GCBench::main(int) (in /home/user/projects/cpp/build/gcmalloc/Release/boehm)
   n0: 209664 0x401BD1: main (in /home/user/projects/cpp/build/gcmalloc/Release/boehm)
  n0: 5760 in 1 place, below massif's threshold (01.00%)
 n2: 215424 0x401E61: GCBench::Populate(int, Node*) [clone .isra.5] (in /home/user/projects/cpp/build/gcmalloc/Release/boehm)
  n1: 209664 0x402102: GCBench::Populate(int, Node*) [clone .isra.5] (in /home/user/projects/cpp/build/gcmalloc/Release/boehm)
   n1: 209664 0x401241: GCBench::main(int) (in /home/user/projects/cpp/build/gcmalloc/Release/boehm)
    n0: 209664 0x401BD1: main (in /home/user/projects/cpp/build/gcmalloc/Release/boehm)
  n0: 5760 in 1 place, below massif's threshold (01.00%)
 n2: 215424 0x401F84: GCBench::Populate(int, Node*) [clone .isra.5] (in /home/user/projects/cpp/build/gcmalloc/Release/boehm)
  n1: 209664 0x401241: GCBench::main(int) (in /home/user/projects/cpp/build/gcmalloc/Release/boehm)
   n0: 209664 0x401BD1: main (in /home/user/projects/cpp/build/gcmalloc/Release/boehm)
  n0: 5760 in 1 place, below massif's threshold (01.00%)
 n1: 114240 0x401F23: GCBench::Populate(int, Node*) [clone .isra.5] (in /home/user/projects/cpp/build/gcmalloc/Release/boehm)
  n0: 114240 in 2 places, all below massif's threshold (01.00%)
 n1: 114240 0x401F07: GCBench::Populate(int, Node*) [clone .isra.5] (in /home/user/projects/cpp/build/gcmalloc/Release/boehm)
  n0: 114240 in 2 places, all below massif's threshold (01.00%)
 n1: 114240 0x401EC2: GCBench::Populate(int, Node*) [clone .isra.5] (in /home/user/projects/cpp/build/gcmalloc/Release/boehm)
  n0: 114240 in 2 places, all below massif's threshold (01.00%)
 n1: 114240 0x401EA6: GCBench::Populate(int, Node*) [clone .isra.5] (in /home/user/projects/cpp/build/gcmalloc/Release/boehm)
  n0: 114240 in 2 places, all below massif's threshold (01.00%)
 n0: 77600 in 81 places, all below massif's threshold (01.00%)
#-----------
snapshot=25
#-----------
time=9506
mem_heap_B=10383936
mem_heap_extra_B=1051904
mem_stacks_B=0
heap_tree=empty
#-----------
snapshot=26
#-----------
time=9818
mem_heap_B=10387296
mem_heap_extra_B=1052464
mem_stacks_B=0
heap_tree=empty
#-----------
snapshot=27
#-----------
time=10130
mem_heap_B=10448496
mem_heap_extra_B=1062664
mem_stacks_B=0
heap_tree=empty
#-----------
snapshot=28
#-----------
time=10442
mem_heap_B=10414272
mem_heap_extra_B=1056960
mem_stacks_B=0
heap_tree=empty
#-----------
snapshot=29
#-----------
time=10754
mem_heap_B=10373184
mem_heap_extra_B=1050112
mem_stacks_B=0
heap_tree=detailed
n20: 10373184 (heap allocation functions) malloc/new/new[], --alloc-fns, etc.
 n1: 4000000 0x401282: GCBench::main(int) (in /home/user/projects/cpp/build/gcmalloc/Release/boehm)
  n0: 4000000 0x401BD1: main (in /home/user/projects/cpp/build/gcmalloc/Release/boehm)
 n1: 617760 0x402090: GCBench::Populate(int, Node*) [clone .isra.5] (in /home/user/projects/cpp/build/gcmalloc/Release/boehm)
  n1: 617760 0x401241: GCBench::main(int) (in /home/user/projects/cpp/build/gcmalloc/Release/boehm)
   n0: 617760 0x401BD1: main (in /home/user/projects/cpp/build/gcmalloc/Release/boehm)
 n1: 617760 0x402074: GCBench::Populate(int, Node*) [clone .isra.5] (in /home/user/projects/cpp/build/gcmalloc/Release/boehm)
  n1: 617760 0x401241: GCBench::main(int) (in /home/user/projects/cpp/build/gcmalloc/Release/boehm)
   n0: 617760 0x401BD1: main (in /home/user/projects/cpp/build/gcmalloc/Release/boehm)
 n2: 549168 0x40201E: GCBench::Populate(int, Node*) [clone .isra.5] (in /home/user/projects/cpp/build/gcmalloc/Release/boehm)
  n1: 549120 0x401241: GCBench::main(int) (in /home/user/projects/cpp/build/gcmalloc/Release/boehm)
   n0: 549120 0x401BD1: main (in /home/user/projects/cpp/build/gcmalloc/Release/boehm)
  n0: 48 in 1 place, below massif's threshold (01.00%)
 n2: 549168 0x40203A: GCBench::Populate(int, Node*) [clone .isra.5] (in /home/user/projects/cpp/build/gcmalloc/Release/boehm)
  n1: 549120 0x401241: GCBench::main(int) (in /home/user/projects/cpp/build/gcmalloc/Release/boehm)
   n0: 549120 0x401BD1: main (in /home/user/projects/cpp/build/gcmalloc/Release/boehm)
  n0: 48 in 1 place, below massif's threshold (01.00%)
 n1: 549120 0x4020E0: GCBench::Populate(int, Node*) [clone .isra.5] (in /home/user/projects/cpp/build/gcmalloc/Release/boehm)
  n1: 549120 0x401241: GCBench::main(int) (in /home/user/projects/cpp/build/gcmalloc/Release/boehm)
   n0: 549120 0x401BD1: main (in /home/user/projects/cpp/build/gcmalloc/Release/boehm)
 n1: 549120 0x4020C4: GCBench::Populate(int, Node*) [clone .isra.5] (in /home/user/projects/cpp/build/gcmalloc/Release/boehm)
  n1: 549120 0x401241: GCBench::main(int) (in /home/user/projects/cpp/build/gcmalloc/Release/boehm)
   n0: 549120 0x401BD1: main (in /home/user/projects/cpp/build/gcmalloc/Release/boehm)
 n2: 385200 0x401E00: GCBench::Populate(int, Node*) [clone .isra.5] (in /home/user/projects/cpp/build/gcmalloc/Release/boehm)
  n1: 384384 0x402102: GCBench::Populate(int, Node*) [clone .isra.5] (in /home/user/projects/cpp/build/gcmalloc/Release/boehm)
   n1: 384384 0x401241: GCBench::main(int) (in /home/user/projects/cpp/build/gcmalloc/Release/boehm)
    n0: 384384 0x401BD1: main (in /home/user/projects/cpp/build/gcmalloc/Release/boehm)
  n0: 816 in 2 places, all below massif's threshold (01.00%)
 n2: 385200 0x401DE4: GCBench::Populate(int, Node*) [clone .isra.5] (in /home/user/projects/cpp/build/gcmalloc/Release/boehm)
  n1: 384384 0x402102: GCBench::Populate(int, Node*) [clone .isra.5] (in /home/user/projects/cpp/build/gcmalloc/Release/boehm)
   n1: 384384 0x401241: GCBench::main(int) (in /home/user/projects/cpp/build/gcmalloc/Release/boehm)
    n0: 384384 0x401BD1: main (in /home/user/projects/cpp/build/gcmalloc/Release/boehm)
  n0: 816 in 2 places, all below massif's threshold (01.00%)
 n2: 385152 0x401FC9: GCBench::Populate(int, Node*) [clone .isra.5] (in /home/user/projects/cpp/build/gcmalloc/Release/boehm)
  n1: 384384 0x401241: GCBench::main(int) (in /home/user/projects/cpp/build/gcmalloc/Release/boehm)
   n0: 384384 0x401BD1: main (in /home/user/projects/cpp/build/gcmalloc/Release/boehm)
  n0: 768 in 1 place, below massif's threshold (01.00%)
 n2: 385152 0x401FE5: GCBench::Populate(int, Node*) [clone .isra.5] (in /home/user/projects/cpp/build/gcmalloc/Release/boehm)
  n1: 384384 0x401241: GCBench::main(int) (in /home/user/projects/cpp/build/gcmalloc/Release/boehm)
   n0: 384384 0x401BD1: main (in /home/user/projects/cpp/build/gcmalloc/Release/boehm)
  n0: 768 in 1 place, below massif's threshold (01.00%)
 n2: 215424 0x401E45: GCBench::Populate(int, Node*) [clone .isra.5] (in /home/user/projects/cpp/build/gcmalloc/Release/boehm)
  n1: 209664 0x402102: GCBench::Populate(int, Node*) [clone .isra.5] (in /home/user/projects/cpp/build/gcmalloc/Release/boehm)
   n1: 209664 0x401241: GCBench::main(int) (in /home/user/projects/cpp/build/gcmalloc/Release/boehm)
    n0: 209664 0x401BD1: main (in /home/user/projects/cpp/build/gcmalloc/Release/boehm)
  n0: 5760 in 1 place, below massif's threshold (01.00%)
 n2: 215424 0x401F68: GCBench::Populate(int, Node*) [clone .isra.5] (in /home/user/projects/cpp/build/gcmalloc/Release/boehm)
  n1: 209664 0x401241: GCBench::main(int) (in /home/user/projects/cpp/build/gcmalloc/Release/boehm)
   n0: 209664 0x401BD1: main (in /home/user/projects/cpp/build/gcmalloc/Release/boehm)
  n0: 5760 in 1 place, below massif's threshold (01.00%)
 n2: 215424 0x401E61: GCBench::Populate(int, Node*) [clone .isra.5] (in /home/user/projects/cpp/build/gcmalloc/Release/boehm)
  n1: 209664 0x402102: GCBench::Populate(int, Node*) [clone .isra.5] (in /home/user/projects/cpp/build/gcmalloc/Release/boehm)
   n1: 209664 0x401241: GCBench::main(int) (in /home/user/projects/cpp/build/gcmalloc/Release/boehm)
    n0: 209664 0x401BD1: main (in /home/user/projects/cpp/build/gcmalloc/Release/boehm)
  n0: 5760 in 1 place, below massif's threshold (01.00%)
 n2: 215424 0x401F84: GCBench::Populate(int, Node*) [clone .isra.5] (in /home/user/projects/cpp/build/gcmalloc/Release/boehm)
  n1: 209664 0x401241: GCBench::main(int) (in /home/user/projects/cpp/build/gcmalloc/Release/boehm)
   n0: 209664 0x401BD1: main (in /home/user/projects/cpp/build/gcmalloc/Release/boehm)
  n0: 5760 in 1 place, below massif's threshold (01.00%)
 n1: 114240 0x401F23: GCBench::Populate(int, Node*) [clone .isra.5] (in /home/user/projects/cpp/build/gcmalloc/Release/boehm)
  n0: 114240 in 2 places, all below massif's threshold (01.00%)
 n1: 114240 0x401F07: GCBench::Populate(int, Node*) [clone .isra.5] (in /home/user/projects/cpp/build/gcmalloc/Release/boehm)
  n0: 114240 in 2 places, all below massif's threshold (01.00%)
 n1: 114240 0x401EC2: GCBench::Populate(int, Node*) [clone .isra.5] (in /home/user/projects/cpp/build/gcmalloc/Release/boehm)
  n0: 114240 in 2 places, all below massif's threshold (01.00%)
 n1: 114240 0x401EA6: GCBench::Populate(int, Node*) [clone .isra.5] (in /home/user/projects/cpp/build/gcmalloc/Release/boehm)
  n0: 114240 in 2 places, all below massif's threshold (01.00%)
 n0: 81728 in 83 places, all below massif's threshold (01.00%)
#-----------
snapshot=30
#-----------
time=11066
mem_heap_B=10437696
mem_heap_extra_B=1060864
mem_stacks_B=0
heap_tree=empty
#-----------
snapshot=31
#-----------
time=11378
mem_heap_B=10411872
mem_heap_extra_B=1056560
mem_stacks_B=0
heap_tree=empty
#-----------
snapshot=32
#-----------
time=11690
mem_heap_B=10398480
mem_heap_extra_B=1054328
mem_stacks_B=0
heap_tree=empty
#-----------
snapshot=33
#-----------
time=12002
mem_heap_B=10748592
mem_heap_extra_B=1112680
mem_stacks_B=0
heap_tree=empty
#-----------
snapshot=34
#-----------
time=12314
mem_heap_B=10614624
mem_heap_extra_B=1090352
mem_stacks_B=0
heap_tree=detailed
n16: 10614624 (heap allocation functions) malloc/new/new[], --alloc-fns, etc.
 n1: 4000000 0x401282: GCBench::main(int) (in /home/user/projects/cpp/build/gcmalloc/Release/boehm)
  n0: 4000000 0x401BD1: main (in /home/user/projects/cpp/build/gcmalloc/Release/boehm)
 n0: 772832 in 87 places, all below massif's threshold (01.00%)
 n1: 617760 0x402090: GCBench::Populate(int, Node*) [clone .isra.5] (in /home/user/projects/cpp/build/gcmalloc/Release/boehm)
  n1: 617760 0x401241: GCBench::main(int) (in /home/user/projects/cpp/build/gcmalloc/Release/boehm)
   n0: 617760 0x401BD1: main (in /home/user/projects/cpp/build/gcmalloc/Release/boehm)
 n1: 617760 0x402074: GCBench::Populate(int, Node*) [clone .isra.5] (in /home/user/projects/cpp/build/gcmalloc/Release/boehm)
  n1: 617760 0x401241: GCBench::main(int) (in /home/user/projects/cpp/build/gcmalloc/Release/boehm)
   n0: 617760 0x401BD1: main (in /home/user/projects/cpp/build/gcmalloc/Release/boehm)
 n2: 549168 0x40201E: GCBench::Populate(int, Node*) [clone .isra.5] (in /home/user/projects/cpp/build/gcmalloc/Release/boehm)
  n1: 549120 0x401241: GCBench::main(int) (in /home/user/projects/cpp/build/gcmalloc/Release/boehm)
   n0: 549120 0x401BD1: main (in /home/user/projects/cpp/build/gcmalloc/Release/boehm)
  n0: 48 in 1 place, below massif's threshold (01.00%)
 n2: 549168 0x40203A: GCBench::Populate(int, Node*) [clone .isra.5] (in /home/user/projects/cpp/build/gcmalloc/Release/boehm)
  n1: 549120 0x401241: GCBench::main(int) (in /home/user/projects/cpp/build/gcmalloc/Release/boehm)
   n0: 549120 0x401BD1: main (in /home/user/projects/cpp/build/gcmalloc/Release/boehm)
  n0: 48 in 1 place, below massif's threshold (01.00%)
 n1: 549120 0x4020C4: GCBench::Populate(int, Node*) [clone .isra.5] (in /home/user/projects/cpp/build/gcmalloc/Release/boehm)
  n1: 549120 0x401241: GCBench::main(int) (in /home/user/projects/cpp/build/gcmalloc/Release/boehm)
   n0: 549120 0x401BD1: main (in /home/user/projects/cpp/build/gcmalloc/Release/boehm)
 n1: 549120 0x4020E0: GCBench::Populate(int, Node*) [clone .isra.5] (in /home/user/projects/cpp/build/gcmalloc/Release/boehm)
  n1: 549120 0x401241: GCBench::main(int) (in /home/user/projects/cpp/build/gcmalloc/Release/boehm)
   n0: 549120 0x401BD1: main (in /home/user/projects/cpp/build/gcmalloc/Release/boehm)
 n2: 388272 0x401E00: GCBench::Populate(int, Node*) [clone .isra.5] (in /home/user/projects/cpp/build/gcmalloc/Release/boehm)
  n1: 384384 0x402102: GCBench::Populate(int, Node*) [clone .isra.5] (in /home/user/projects/cpp/build/gcmalloc/Release/boehm)
   n1: 384384 0x401241: GCBench::main(int) (in /home/user/projects/cpp/build/gcmalloc/Release/boehm)
    n0: 384384 0x401BD1: main (in /home/user/projects/cpp/build/gcmalloc/Release/boehm)
  n0: 3888 in 2 places, all below massif's threshold (01.00%)
 n2: 388272 0x401DE4: GCBench::Populate(int, Node*) [clone .isra.5] (in /home/user/projects/cpp/build/gcmalloc/Release/boehm)
  n1: 384384 0x402102: GCBench::Populate(int, Node*) [clone .isra.5] (in /home/user/projects/cpp/build/gcmalloc/Release/boehm)
   n1: 384384 0x401241: GCBench::main(int) (in /home/user/projects/cpp/build/gcmalloc/Release/boehm)
    n0: 384384 0x401BD1: main (in /home/user/projects/cpp/build/gcmalloc/Release/boehm)
  n0: 3888 in 2 places, all below massif's threshold (01.00%)
 n2: 385152 0x401FC9: GCBench::Populate(int, Node*) [clone .isra.5] (in /home/user/projects/cpp/build/gcmalloc/Release/boehm)
  n1: 384384 0x401241: GCBench::main(int) (in /home/user/projects/cpp/build/gcmalloc/Release/boehm)
   n0: 384384 0x401BD1: main (in /home/user/projects/cpp/build/gcmalloc/Release/boehm)
  n0: 768 in 1 place, below massif's threshold (01.00%)
 n2: 385152 0x401FE5: GCBench::Populate(int, Node*) [clone .isra.5] (in /home/user/projects/cpp/build/gcmalloc/Release/boehm)
  n1: 384384 0x401241: GCBench::main(int) (in /home/user/projects/cpp/build/gcmalloc/Release/boehm)
   n0: 384384 0x401BD1: main (in /home/user/projects/cpp/build/gcmalloc/Release/boehm)
  n0: 768 in 1 place, below massif's threshold (01.00%)
 n2: 216000 0x401E61: GCBench::Populate(int, Node*) [clone .isra.5] (in /home/user/projects/cpp/build/gcmalloc/Release/boehm)
  n1: 209664 0x402102: GCBench::Populate(int, Node*) [clone .isra.5] (in /home/user/projects/cpp/build/gcmalloc/Release/boehm)
   n1: 209664 0x401241: GCBench::main(int) (in /home/user/projects/cpp/build/gcmalloc/Release/boehm)
    n0: 209664 0x401BD1: main (in /home/user/projects/cpp/build/gcmalloc/Release/boehm)
  n0: 6336 in 2 places, all below massif's threshold (01.00%)
 n2: 216000 0x401E45: GCBench::Populate(int, Node*) [clone .isra.5] (in /home/user/projects/cpp/build/gcmalloc/Release/boehm)
  n1: 209664 0x402102: GCBench::Populate(int, Node*) [clone .isra.5] (in /home/user/projects/cpp/build/gcmalloc/Release/boehm)
   n1: 209664 0x401241: GCBench::main(int) (in /home/user/projects/cpp/build/gcmalloc/Release/boehm)
    n0: 209664 0x401BD1: main (in /home/user/projects/cpp/build/gcmalloc/Release/boehm)
  n0: 6336 in 2 places, all below massif's threshold (01.00%)
 n2: 215424 0x401F68: GCBench::Populate(int, Node*) [clone .isra.5] (in /home/user/projects/cpp/build/gcmalloc/Release/boehm)
  n1: 209664 0x401241: GCBench::main(int) (in /home/user/projects/cpp/build/gcmalloc/Release/boehm)
   n0: 209664 0x401BD1: main (in /home/user/projects/cpp/build/gcmalloc/Release/boehm)
  n0: 5760 in 1 place, below massif's threshold (01.00%)
 n2: 215424 0x401F84: GCBench::Populate(int, Node*) [clone .isra.5] (in /home/user/projects/cpp/build/gcmalloc/Release/boehm)
  n1: 209664 0x401241: GCBench::main(int) (in /home/user/projects/cpp/build/gcmalloc/Release/boehm)
   n0: 209664 0x401BD1: main (in /home/user/projects/cpp/build/gcmalloc/Release/boehm)
  n0: 5760 in 1 place, below massif's threshold (01.00%)
#-----------
snapshot=35
#-----------
time=12626
mem_heap_B=10425552
mem_heap_extra_B=1058840
mem_stacks_B=0
heap_tree=empty
#-----------
snapshot=36
#-----------
time=12938
mem_heap_B=10721760
mem_heap_extra_B=1108208
mem_stacks_B=0
heap_tree=empty
#-----------
snapshot=37
#-----------
time=13250
mem_heap_B=10533504
mem_heap_extra_B=1076832
mem_stacks_B=0
heap_tree=empty
#-----------
snapshot=38
#-----------
time=13562
mem_heap_B=10378656
mem_heap_extra_B=1051024
mem_stacks_B=0
heap_tree=empty
#-----------
snapshot=39
#-----------
time=13874
mem_heap_B=10678512
mem_heap_extra_B=1101000
mem_stacks_B=0
heap_tree=detailed
n16: 10678512 (heap allocation functions) malloc/new/new[], --alloc-fns, etc.
 n1: 4000000 0x401282: GCBench::main(int) (in /home/user/projects/cpp/build/gcmalloc/Release/boehm)
  n0: 4000000 0x401BD1: main (in /home/user/projects/cpp/build/gcmalloc/Release/boehm)
 n0: 836624 in 87 places, all below massif's threshold (01.00%)
 n1: 617760 0x402090: GCBench::Populate(int, Node*) [clone .isra.5] (in /home/user/projects/cpp/build/gcmalloc/Release/boehm)
  n1: 617760 0x401241: GCBench::main(int) (in /home/user/projects/cpp/build/gcmalloc/Release/boehm)
   n0: 617760 0x401BD1: main (in /home/user/projects/cpp/build/gcmalloc/Release/boehm)
 n1: 617760 0x402074: GCBench::Populate(int, Node*) [clone .isra.5] (in /home/user/projects/cpp/build/gcmalloc/Release/boehm)
  n1: 617760 0x401241: GCBench::main(int) (in /home/user/projects/cpp/build/gcmalloc/Release/boehm)
   n0: 617760 0x401BD1: main (in /home/user/projects/cpp/build/gcmalloc/Release/boehm)
 n2: 549168 0x40201E: GCBench::Populate(int, Node*) [clone .isra.5] (in /home/user/projects/cpp/build/gcmalloc/Release/boehm)
  n1: 549120 0x401241: GCBench::main(int) (in /home/user/projects/cpp/build/gcmalloc/Release/boehm)
   n0: 549120 0x401BD1: main (in /home/user/projects/cpp/build/gcmalloc/Release/boehm)
  n0: 48 in 1 place, below massif's threshold (01.00%)
 n2: 549168 0x40203A: GCBench::Populate(int, Node*) [clone .isra.5] (in /home/user/projects/cpp/build/gcmalloc/Release/boehm)
  n1: 549120 0x401241: GCBench::main(int) (in /home/user/projects/cpp/build/gcmalloc/Release/boehm)
   n0: 549120 0x401BD1: main (in /home/user/projects/cpp/build/gcmalloc/Release/boehm)
  n0: 48 in 1 place, below massif's threshold (01.00%)
 n1: 549120 0x4020C4: GCBench::Populate(int, Node*) [clone .isra.5] (in /home/user/projects/cpp/build/gcmalloc/Release/boehm)
  n1: 549120 0x401241: GCBench::main(int) (in /home/user/projects/cpp/build/gcmalloc/Release/boehm)
   n0: 549120 0x401BD1: main (in /home/user/projects/cpp/build/gcmalloc/Release/boehm)
 n1: 549120 0x4020E0: GCBench::Populate(int, Node*) [clone .isra.5] (in /home/user/projects/cpp/build/gcmalloc/Release/boehm)
  n1: 549120 0x401241: GCBench::main(int) (in /home/user/projects/cpp/build/gcmalloc/Release/boehm)
   n0: 549120 0x401BD1: main (in /home/user/projects/cpp/build/gcmalloc/Release/boehm)
 n2: 388320 0x401E00: GCBench::Populate(int, Node*) [clone .isra.5] (in /home/user/projects/cpp/build/gcmalloc/Release/boehm)
  n1: 384384 0x402102: GCBench::Populate(int, Node*) [clone .isra.5] (in /home/user/projects/cpp/build/gcmalloc/Release/boehm)
   n1: 384384 0x401241: GCBench::main(int) (in /home/user/projects/cpp/build/gcmalloc/Release/boehm)
    n0: 384384 0x401BD1: main (in /home/user/projects/cpp/build/gcmalloc/Release/boehm)
  n0: 3936 in 2 places, all below massif's threshold (01.00%)
 n2: 388320 0x401DE4: GCBench::Populate(int, Node*) [clone .isra.5] (in /home/user/projects/cpp/build/gcmalloc/Release/boehm)
  n1: 384384 0x402102: GCBench::Populate(int, Node*) [clone .isra.5] (in /home/user/projects/cpp/build/gcmalloc/Release/boehm)
   n1: 384384 0x401241: GCBench::main(int) (in /home/user/projects/cpp/build/gcmalloc/Release/boehm)
    n0: 384384 0x401BD1: main (in /home/user/projects/cpp/build/gcmalloc/Release/boehm)
  n0: 3936 in 2 places, all below massif's threshold (01.00%)
 n2: 385152 0x401FC9: GCBench::Populate(int, Node*) [clone .isra.5] (in /home/user/projects/cpp/build/gcmalloc/Release/boehm)
  n1: 384384 0x401241: GCBench::main(int) (in /home/user/projects/cpp/build/gcmalloc/Release/boehm)
   n0: 384384 0x401BD1: main (in /home/user/projects/cpp/build/gcmalloc/Release/boehm)
  n0: 768 in 1 place, below massif's threshold (01.00%)
 n2: 385152 0x401FE5: GCBench::Populate(int, Node*) [clone .isra.5] (in /home/user/projects/cpp/build/gcmalloc/Release/boehm)
  n1: 384384 0x401241: GCBench::main(int) (in /home/user/projects/cpp/build/gcmalloc/Release/boehm)
   n0: 384384 0x401BD1: main (in /home/user/projects/cpp/build/gcmalloc/Release/boehm)
  n0: 768 in 1 place, below massif's threshold (01.00%)
 n2: 216000 0x401E61: GCBench::Populate(int, Node*) [clone .isra.5] (in /home/user/projects/cpp/build/gcmalloc/Release/boehm)
  n1: 209664 0x402102: GCBench::Populate(int, Node*) [clone .isra.5] (in /home/user/projects/cpp/build/gcmalloc/Release/boehm)
   n1: 209664 0x401241: GCBench::main(int) (in /home/user/projects/cpp/build/gcmalloc/Release/boehm)
    n0: 209664 0x401BD1: main (in /home/user/projects/cpp/build/gcmalloc/Release/boehm)
  n0: 6336 in 2 places, all below massif's threshold (01.00%)
 n2: 216000 0x401E45: GCBench::Populate(int, Node*) [clone .isra.5] (in /home/user/projects/cpp/build/gcmalloc/Release/boehm)
  n1: 209664 0x402102: GCBench::Populate(int, Node*) [clone .isra.5] (in /home/user/projects/cpp/build/gcmalloc/Release/boehm)
   n1: 209664 0x401241: GCBench::main(int) (in /home/user/projects/cpp/build/gcmalloc/Release/boehm)
    n0: 209664 0x401BD1: main (in /home/user/projects/cpp/build/gcmalloc/Release/boehm)
  n0: 6336 in 2 places, all below massif's threshold (01.00%)
 n2: 215424 0x401F68: GCBench::Populate(int, Node*) [clone .isra.5] (in /home/user/projects/cpp/build/gcmalloc/Release/boehm)
  n1: 209664 0x401241: GCBench::main(int) (in /home/user/projects/cpp/build/gcmalloc/Release/boehm)
   n0: 209664 0x401BD1: main (in /home/user/projects/cpp/build/gcmalloc/Release/boehm)
  n0: 5760 in 1 place, below massif's threshold (01.00%)
 n2: 215424 0x401F84: GCBench::Populate(int, Node*) [clone .isra.5] (in /home/user/projects/cpp/build/gcmalloc/Release/boehm)
  n1: 209664 0x401241: GCBench::main(int) (in /home/user/projects/cpp/build/gcmalloc/Release/boehm)
   n0: 209664 0x401BD1: main (in /home/user/projects/cpp/build/gcmalloc/Release/boehm)
  n0: 5760 in 1 place, below massif's threshold (01.00%)
#-----------
snapshot=40
#-----------
time=14186
mem_heap_B=10544688
mem_heap_extra_B=1078696
mem_stacks_B=0
heap_tree=empty
#-----------
snapshot=41
#-----------
time=14498
mem_heap_B=11315808
mem_heap_extra_B=1207216
mem_stacks_B=0
heap_tree=empty
#-----------
snapshot=42
#-----------
time=14810
mem_heap_B=11013312
mem_heap_extra_B=1156800
mem_stacks_B=0
heap_tree=empty
#-----------
snapshot=43
#-----------
time=15122
mem_heap_B=10688640
mem_heap_extra_B=1102688
mem_stacks_B=0
heap_tree=empty
#-----------
snapshot=44
#-----------
time=15434
mem_heap_B=10384848
mem_heap_extra_B=1052056
mem_stacks_B=0
heap_tree=detailed
n20: 10384848 (heap allocation functions) malloc/new/new[], --alloc-fns, etc.
 n1: 4000000 0x401282: GCBench::main(int) (in /home/user/projects/cpp/build/gcmalloc/Release/boehm)
  n0: 4000000 0x401BD1: main (in /home/user/projects/cpp/build/gcmalloc/Release/boehm)
 n1: 617760 0x402090: GCBench::Populate(int, Node*) [clone .isra.5] (in /home/user/projects/cpp/build/gcmalloc/Release/boehm)
  n1: 617760 0x401241: GCBench::main(int) (in /home/user/projects/cpp/build/gcmalloc/Release/boehm)
   n0: 617760 0x401BD1: main (in /home/user/projects/cpp/build/gcmalloc/Release/boehm)
 n1: 617760 0x402074: GCBench::Populate(int, Node*) [clone .isra.5] (in /home/user/projects/cpp/build/gcmalloc/Release/boehm)
  n1: 617760 0x401241: GCBench::main(int) (in /home/user/projects/cpp/build/gcmalloc/Release/boehm)
   n0: 617760 0x401BD1: main (in /home/user/projects/cpp/build/gcmalloc/Release/boehm)
 n2: 549168 0x40201E: GCBench::Populate(int, Node*) [clone .isra.5] (in /home/user/projects/cpp/build/gcmalloc/Release/boehm)
  n1: 549120 0x401241: GCBench::main(int) (in /home/user/projects/cpp/build/gcmalloc/Release/boehm)
   n0: 549120 0x401BD1: main (in /home/user/projects/cpp/build/gcmalloc/Release/boehm)
  n0: 48 in 1 place, below massif's threshold (01.00%)
 n2: 549168 0x40203A: GCBench::Populate(int, Node*) [clone .isra.5] (in /home/user/projects/cpp/build/gcmalloc/Release/boehm)
  n1: 549120 0x401241: GCBench::main(int) (in /home/user/projects/cpp/build/gcmalloc/Release/boehm)
   n0: 549120 0x401BD1: main (in /home/user/projects/cpp/build/gcmalloc/Release/boehm)
  n0: 48 in 1 place, below massif's threshold (01.00%)
 n1: 549120 0x4020E0: GCBench::Populate(int, Node*) [clone .isra.5] (in /home/user/projects/cpp/build/gcmalloc/Release/boehm)
  n1: 549120 0x401241: GCBench::main(int) (in /home/user/projects/cpp/build/gcmalloc/Release/boehm)
   n0: 549120 0x401BD1: main (in /home/user/projects/cpp/build/gcmalloc/Release/boehm)
 n1: 549120 0x4020C4: GCBench::Populate(int, Node*) [clone .isra.5] (in /home/user/projects/cpp/build/gcmalloc/Release/boehm)
  n1: 549120 0x401241: GCBench::main(int) (in /home/user/projects/cpp/build/gcmalloc/Release/boehm)
   n0: 549120 0x401BD1: main (in /home/user/projects/cpp/build/gcmalloc/Release/boehm)
 n2: 388080 0x401E00: GCBench::Populate(int, Node*) [clone .isra.5] (in /home/user/projects/cpp/build/gcmalloc/Release/boehm)
  n1: 384384 0x402102: GCBench::Populate(int, Node*) [clone .isra.5] (in /home/user/projects/cpp/build/gcmalloc/Release/boehm)
   n1: 384384 0x401241: GCBench::main(int) (in /home/user/projects/cpp/build/gcmalloc/Release/boehm)
    n0: 384384 0x401BD1: main (in /home/user/projects/cpp/build/gcmalloc/Release/boehm)
  n0: 3696 in 2 places, all below massif's threshold (01.00%)
 n2: 388080 0x401DE4: GCBench::Populate(int, Node*) [clone .isra.5] (in /home/user/projects/cpp/build/gcmalloc/Release/boehm)
  n1: 384384 0x402102: GCBench::Populate(int, Node*) [clone .isra.5] (in /home/user/projects/cpp/build/gcmalloc/Release/boehm)
   n1: 384384 0x401241: GCBench::main(int) (in /home/user/projects/cpp/build/gcmalloc/Release/boehm)
    n0: 384384 0x401BD1: main (in /home/user/projects/cpp/build/gcmalloc/Release/boehm)
  n0: 3696 in 2 places, all below massif's threshold (01.00%)
 n2: 385152 0x401FC9: GCBench::Populate(int, Node*) [clone .isra.5] (in /home/user/projects/cpp/build/gcmalloc/Release/boehm)
  n1: 384384 0x401241: GCBench::main(int) (in /home/user/projects/cpp/build/gcmalloc/Release/boehm)
   n0: 384384 0x401BD1: main (in /home/user/projects/cpp/build/gcmalloc/Release/boehm)
  n0: 768 in 1 place, below massif's threshold (01.00%)
 n2: 385152 0x401FE5: GCBench::Populate(int, Node*) [clone .isra.5] (in /home/user/projects/cpp/build/gcmalloc/Release/boehm)
  n1: 384384 0x401241: GCBench::main(int) (in /home/user/projects/cpp/build/gcmalloc/Release/boehm)
   n0: 384384 0x401BD1: main (in /home/user/projects/cpp/build/gcmalloc/Release/boehm)
  n0: 768 in 1 place, below massif's threshold (01.00%)
 n2: 218016 0x401E45: GCBench::Populate(int, Node*) [clone .isra.5] (in /home/user/projects/cpp/build/gcmalloc/Release/boehm)
  n1: 209664 0x402102: GCBench::Populate(int, Node*) [clone .isra.5] (in /home/user/projects/cpp/build/gcmalloc/Release/boehm)
   n1: 209664 0x401241: GCBench::main(int) (in /home/user/projects/cpp/build/gcmalloc/Release/boehm)
    n0: 209664 0x401BD1: main (in /home/user/projects/cpp/build/gcmalloc/Release/boehm)
  n0: 8352 in 2 places, all below massif's threshold (01.00%)
 n2: 218016 0x401E61: GCBench::Populate(int, Node*) [clone .isra.5] (in /home/user/projects/cpp/build/gcmalloc/Release/boehm)
  n1: 209664 0x402102: GCBench::Populate(int, Node*) [clone .isra.5] (in /home/user/projects/cpp/build/gcmalloc/Release/boehm)
   n1: 209664 0x401241: GCBench::main(int) (in /home/user/projects/cpp/build/gcmalloc/Release/boehm)
    n0: 209664 0x401BD1: main (in /home/user/projects/cpp/build/gcmalloc/Release/boehm)
  n0: 8352 in 2 places, all below massif's threshold (01.00%)
 n2: 215472 0x401F68: GCBench::Populate(int, Node*) [clone .isra.5] (in /home/user/projects/cpp/build/gcmalloc/Release/boehm)
  n1: 209664 0x401241: GCBench::main(int) (in /home/user/projects/cpp/build/gcmalloc/Release/boehm)
   n0: 209664 0x401BD1: main (in /home/user/projects/cpp/build/gcmalloc/Release/boehm)
  n0: 5808 in 2 places, all below massif's threshold (01.00%)
 n2: 215472 0x401F84: GCBench::Populate(int, Node*) [clone .isra.5] (in /home/user/projects/cpp/build/gcmalloc/Release/boehm)
  n1: 209664 0x401241: GCBench::main(int) (in /home/user/projects/cpp/build/gcmalloc/Release/boehm)
   n0: 209664 0x401BD1: main (in /home/user/projects/cpp/build/gcmalloc/Release/boehm)
  n0: 5808 in 2 places, all below massif's threshold (01.00%)
 n1: 115584 0x401EC2: GCBench::Populate(int, Node*) [clone .isra.5] (in /home/user/projects/cpp/build/gcmalloc/Release/boehm)
  n0: 115584 in 3 places, all below massif's threshold (01.00%)
 n1: 115584 0x401EA6: GCBench::Populate(int, Node*) [clone .isra.5] (in /home/user/projects/cpp/build/gcmalloc/Release/boehm)
  n0: 115584 in 3 places, all below massif's threshold (01.00%)
 n1: 114624 0x401F07: GCBench::Populate(int, Node*) [clone .isra.5] (in /home/user/projects/cpp/build/gcmalloc/Release/boehm)
  n0: 114624 in 3 places, all below massif's threshold (01.00%)
 n1: 114624 0x401F23: GCBench::Populate(int, Node*) [clone .isra.5] (in /home/user/projects/cpp/build/gcmalloc/Release/boehm)
  n0: 114624 in 3 places, all below massif's threshold (01.00%)
 n0: 78896 in 83 places, all below massif's threshold (01.00%)
#-----------
snapshot=45
#-----------
time=15746
mem_heap_B=11162304
mem_heap_extra_B=1181632
mem_stacks_B=0
heap_tree=empty
#-----------
snapshot=46
#-----------
time=16058
mem_heap_B=11899296
mem_heap_extra_B=1304464
mem_stacks_B=0
heap_tree=empty
#-----------
snapshot=47
#-----------
time=16370
mem_heap_B=11617056
mem_heap_extra_B=1257424
mem_stacks_B=0
heap_tree=empty
#-----------
snapshot=48
#-----------
time=16682
mem_heap_B=11384112
mem_heap_extra_B=1218600
mem_stacks_B=0
heap_tree=empty
#-----------
snapshot=49
#-----------
time=16994
mem_heap_B=14614560
mem_heap_extra_B=1757008
mem_stacks_B=0
heap_tree=detailed
n26: 14614560 (heap allocation functions) malloc/new/new[], --alloc-fns, etc.
 n1: 4000000 0x401282: GCBench::main(int) (in /home/user/projects/cpp/build/gcmalloc/Release/boehm)
  n0: 4000000 0x401BD1: main (in /home/user/projects/cpp/build/gcmalloc/Release/boehm)
 n3: 710112 0x401DE4: GCBench::Populate(int, Node*) [clone .isra.5] (in /home/user/projects/cpp/build/gcmalloc/Release/boehm)
  n1: 384384 0x402102: GCBench::Populate(int, Node*) [clone .isra.5] (in /home/user/projects/cpp/build/gcmalloc/Release/boehm)
   n1: 384384 0x401241: GCBench::main(int) (in /home/user/projects/cpp/build/gcmalloc/Release/boehm)
    n0: 384384 0x401BD1: main (in /home/user/projects/cpp/build/gcmalloc/Release/boehm)
  n1: 324960 0x40170A: GCBench::main(int) (in /home/user/projects/cpp/build/gcmalloc/Release/boehm)
   n0: 324960 0x401BD1: main (in /home/user/projects/cpp/build/gcmalloc/Release/boehm)
  n0: 768 in 1 place, below massif's threshold (01.00%)
 n3: 710112 0x401E00: GCBench::Populate(int, Node*) [clone .isra.5] (in /home/user/projects/cpp/build/gcmalloc/Release/boehm)
  n1: 384384 0x402102: GCBench::Populate(int, Node*) [clone .isra.5] (in /home/user/projects/cpp/build/gcmalloc/Release/boehm)
   n1: 384384 0x401241: GCBench::main(int) (in /home/user/projects/cpp/build/gcmalloc/Release/boehm)
    n0: 384384 0x401BD1: main (in /home/user/projects/cpp/build/gcmalloc/Release/boehm)
  n1: 324960 0x40170A: GCBench::main(int) (in /home/user/projects/cpp/build/gcmalloc/Release/boehm)
   n0: 324960 0x401BD1: main (in /home/user/projects/cpp/build/gcmalloc/Release/boehm)
  n0: 768 in 1 place, below massif's threshold (01.00%)
 n1: 617760 0x402074: GCBench::Populate(int, Node*) [clone .isra.5] (in /home/user/projects/cpp/build/gcmalloc/Release/boehm)
  n1: 617760 0x401241: GCBench::main(int) (in /home/user/projects/cpp/build/gcmalloc/Release/boehm)
   n0: 617760 0x401BD1: main (in /home/user/projects/cpp/build/gcmalloc/Release/boehm)
 n1: 617760 0x402090: GCBench::Populate(int, Node*) [clone .isra.5] (in /home/user/projects/cpp/build/gcmalloc/Release/boehm)
  n1: 617760 0x401241: GCBench::main(int) (in /home/user/projects/cpp/build/gcmalloc/Release/boehm)
   n0: 617760 0x401BD1: main (in /home/user/projects/cpp/build/gcmalloc/Release/boehm)
 n0: 588800 in 77 places, all below massif's threshold (01.00%)
 n2: 549216 0x40201E: GCBench::Populate(int, Node*) [clone .isra.5] (in /home/user/projects/cpp/build/gcmalloc/Release/boehm)
  n1: 549120 0x401241: GCBench::main(int) (in /home/user/projects/cpp/build/gcmalloc/Release/boehm)
   n0: 549120 0x401BD1: main (in /home/user/projects/cpp/build/gcmalloc/Release/boehm)
  n0: 96 in 2 places, all below massif's threshold (01.00%)
 n2: 549216 0x40203A: GCBench::Populate(int, Node*) [clone .isra.5] (in /home/user/projects/cpp/build/gcmalloc/Release/boehm)
  n1: 549120 0x401241: GCBench::main(int) (in /home/user/projects/cpp/build/gcmalloc/Release/boehm)
   n0: 549120 0x401BD1: main (in /home/user/projects/cpp/build/gcmalloc/Release/boehm)
  n0: 96 in 2 places, all below massif's threshold (01.00%)
 n1: 549120 0x4020E0: GCBench::Populate(int, Node*) [clone .isra.5] (in /home/user/projects/cpp/build/gcmalloc/Release/boehm)
  n1: 549120 0x401241: GCBench::main(int) (in /home/user/projects/cpp/build/gcmalloc/Release/boehm)
   n0: 549120 0x401BD1: main (in /home/user/projects/cpp/build/gcmalloc/Release/boehm)
 n1: 549120 0x4020C4: GCBench::Populate(int, Node*) [clone .isra.5] (in /home/user/projects/cpp/build/gcmalloc/Release/boehm)
  n1: 549120 0x401241: GCBench::main(int) (in /home/user/projects/cpp/build/gcmalloc/Release/boehm)
   n0: 549120 0x401BD1: main (in /home/user/projects/cpp/build/gcmalloc/Release/boehm)
 n1: 428832 0x401698: GCBench::main(int) (in /home/user/projects/cpp/build/gcmalloc/Release/boehm)
  n0: 428832 0x401BD1: main (in /home/user/projects/cpp/build/gcmalloc/Release/boehm)
 n1: 428832 0x40167C: GCBench::main(int) (in /home/user/projects/cpp/build/gcmalloc/Release/boehm)
  n0: 428832 0x401BD1: main (in /home/user/projects/cpp/build/gcmalloc/Release/boehm)
 n1: 426192 0x4016E8: GCBench::main(int) (in /home/user/projects/cpp/build/gcmalloc/Release/boehm)
  n0: 426192 0x401BD1: main (in /home/user/projects/cpp/build/gcmalloc/Release/boehm)
 n1: 426192 0x4016CC: GCBench::main(int) (in /home/user/projects/cpp/build/gcmalloc/Release/boehm)
  n0: 426192 0x401BD1: main (in /home/user/projects/cpp/build/gcmalloc/Release/boehm)
 n3: 404352 0x401E45: GCBench::Populate(int, Node*) [clone .isra.5] (in /home/user/projects/cpp/build/gcmalloc/Release/boehm)
  n1: 209664 0x402102: GCBench::Populate(int, Node*) [clone .isra.5] (in /home/user/projects/cpp/build/gcmalloc/Release/boehm)
   n1: 209664 0x401241: GCBench::main(int) (in /home/user/projects/cpp/build/gcmalloc/Release/boehm)
    n0: 209664 0x401BD1: main (in /home/user/projects/cpp/build/gcmalloc/Release/boehm)
  n1: 188928 0x40170A: GCBench::main(int) (in /home/user/projects/cpp/build/gcmalloc/Release/boehm)
   n0: 188928 0x401BD1: main (in /home/user/projects/cpp/build/gcmalloc/Release/boehm)
  n0: 5760 in 1 place, below massif's threshold (01.00%)
 n3: 404352 0x401E61: GCBench::Populate(int, Node*) [clone .isra.5] (in /home/user/projects/cpp/build/gcmalloc/Release/boehm)
  n1: 209664 0x402102: GCBench::Populate(int, Node*) [clone .isra.5] (in /home/user/projects/cpp/build/gcmalloc/Release/boehm)
   n1: 209664 0x401241: GCBench::main(int) (in /home/user/projects/cpp/build/gcmalloc/Release/boehm)
    n0: 209664 0x401BD1: main (in /home/user/projects/cpp/build/gcmalloc/Release/boehm)
  n1: 188928 0x40170A: GCBench::main(int) (in /home/user/projects/cpp/build/gcmalloc/Release/boehm)
   n0: 188928 0x401BD1: main (in /home/user/projects/cpp/build/gcmalloc/Release/boehm)
  n0: 5760 in 1 place, below massif's threshold (01.00%)
 n2: 385920 0x401FE5: GCBench::Populate(int, Node*) [clone .isra.5] (in /home/user/projects/cpp/build/gcmalloc/Release/boehm)
  n1: 384384 0x401241: GCBench::main(int) (in /home/user/projects/cpp/build/gcmalloc/Release/boehm)
   n0: 384384 0x401BD1: main (in /home/user/projects/cpp/build/gcmalloc/Release/boehm)
  n0: 1536 in 2 places, all below massif's threshold (01.00%)
 n2: 385920 0x401FC9: GCBench::Populate(int, Node*) [clone .isra.5] (in /home/user/projects/cpp/build/gcmalloc/Release/boehm)
  n1: 384384 0x401241: GCBench::main(int) (in /home/user/projects/cpp/build/gcmalloc/Release/boehm)
   n0: 384384 0x401BD1: main (in /home/user/projects/cpp/build/gcmalloc/Release/boehm)
  n0: 1536 in 2 places, all below massif's threshold (01.00%)
 n1: 330432 0x40163A: GCBench::main(int) (in /home/user/projects/cpp/build/gcmalloc/Release/boehm)
  n0: 330432 0x401BD1: main (in /home/user/projects/cpp/build/gcmalloc/Release/boehm)
 n1: 330432 0x40161E: GCBench::main(int) (in /home/user/projects/cpp/build/gcmalloc/Release/boehm)
  n0: 330432 0x401BD1: main (in /home/user/projects/cpp/build/gcmalloc/Release/boehm)
 n2: 221136 0x401F84: GCBench::Populate(int, Node*) [clone .isra.5] (in /home/user/projects/cpp/build/gcmalloc/Release/boehm)
  n1: 209664 0x401241: GCBench::main(int) (in /home/user/projects/cpp/build/gcmalloc/Release/boehm)
   n0: 209664 0x401BD1: main (in /home/user/projects/cpp/build/gcmalloc/Release/boehm)
  n0: 11472 in 2 places, all below massif's threshold (01.00%)
 n2: 221136 0x401F68: GCBench::Populate(int, Node*) [clone .isra.5] (in /home/user/projects/cpp/build/gcmalloc/Release/boehm)
  n1: 209664 0x401241: GCBench::main(int) (in /home/user/projects/cpp/build/gcmalloc/Release/boehm)
   n0: 209664 0x401BD1: main (in /home/user/projects/cpp/build/gcmalloc/Release/boehm)
  n0: 11472 in 2 places, all below massif's threshold (01.00%)
 n1: 196656 0x401EC2: GCBench::Populate(int, Node*) [clone .isra.5] (in /home/user/projects/cpp/build/gcmalloc/Release/boehm)
  n0: 196656 in 3 places, all below massif's threshold (01.00%)
 n1: 196656 0x401EA6: GCBench::Populate(int, Node*) [clone .isra.5] (in /home/user/projects/cpp/build/gcmalloc/Release/boehm)
  n0: 196656 in 3 places, all below massif's threshold (01.00%)
 n1: 193152 0x4015C8: GCBench::main(int) (in /home/user/projects/cpp/build/gcmalloc/Release/boehm)
  n0: 193152 0x401BD1: main (in /home/user/projects/cpp/build/gcmalloc/Release/boehm)
 n1: 193152 0x4015E4: GCBench::main(int) (in /home/user/projects/cpp/build/gcmalloc/Release/boehm)
  n0: 193152 0x401BD1: main (in /home/user/projects/cpp/build/gcmalloc/Release/boehm)
#-----------
snapshot=50
#-----------
time=17306
mem_heap_B=13815312
mem_heap_extra_B=1623800
mem_stacks_B=0
heap_tree=empty
#-----------
snapshot=51
#-----------
time=17618
mem_heap_B=13106928
mem_heap_extra_B=1505736
mem_stacks_B=0
heap_tree=empty
#-----------
snapshot=52
#-----------
time=17930
mem_heap_B=12375024
mem_heap_extra_B=1383752
mem_stacks_B=0
heap_tree=empty
#-----------
snapshot=53
#-----------
time=18242
mem_heap_B=11750352
mem_heap_extra_B=1279640
mem_stacks_B=0
heap_tree=empty
#-----------
snapshot=54
#-----------
time=18554
mem_heap_B=11101440
mem_heap_extra_B=1171488
mem_stacks_B=0
heap_tree=empty
#-----------
snapshot=55
#-----------
time=18866
mem_heap_B=10484016
mem_heap_extra_B=1068584
mem_stacks_B=0
heap_tree=empty
#-----------
snapshot=56
#-----------
time=19178
mem_heap_B=12237264
mem_heap_extra_B=1360792
mem_stacks_B=0
heap_tree=empty
#-----------
snapshot=57
#-----------
time=19490
mem_heap_B=14553696
mem_heap_extra_B=1746864
mem_stacks_B=0
heap_tree=empty
